Found 16 bucket(s) to import:
  - /mnt/HC_Volume_105463954/simplesystem/data/offers_flat.parquet/bucket=00.parquet
  - /mnt/HC_Volume_105463954/simplesystem/data/offers_flat.parquet/bucket=01.parquet
  - /mnt/HC_Volume_105463954/simplesystem/data/offers_flat.parquet/bucket=02.parquet
  - /mnt/HC_Volume_105463954/simplesystem/data/offers_flat.parquet/bucket=03.parquet
  - /mnt/HC_Volume_105463954/simplesystem/data/offers_flat.parquet/bucket=04.parquet
  - /mnt/HC_Volume_105463954/simplesystem/data/offers_flat.parquet/bucket=05.parquet
  - /mnt/HC_Volume_105463954/simplesystem/data/offers_flat.parquet/bucket=06.parquet
  - /mnt/HC_Volume_105463954/simplesystem/data/offers_flat.parquet/bucket=07.parquet
  - /mnt/HC_Volume_105463954/simplesystem/data/offers_flat.parquet/bucket=08.parquet
  - /mnt/HC_Volume_105463954/simplesystem/data/offers_flat.parquet/bucket=09.parquet
  - /mnt/HC_Volume_105463954/simplesystem/data/offers_flat.parquet/bucket=10.parquet
  - /mnt/HC_Volume_105463954/simplesystem/data/offers_flat.parquet/bucket=11.parquet
  - /mnt/HC_Volume_105463954/simplesystem/data/offers_flat.parquet/bucket=12.parquet
  - /mnt/HC_Volume_105463954/simplesystem/data/offers_flat.parquet/bucket=13.parquet
  - /mnt/HC_Volume_105463954/simplesystem/data/offers_flat.parquet/bucket=14.parquet
  - /mnt/HC_Volume_105463954/simplesystem/data/offers_flat.parquet/bucket=15.parquet
Created collection 'offers' with 17 fields
  - id                           VARCHAR             mmap=False
  - offer_embedding              FLOAT16_VECTOR      mmap=False
  - vendor_ids                   ARRAY               mmap=False
  - catalog_version_ids          ARRAY               mmap=False
  - category_l1                  ARRAY               mmap=True
  - category_l2                  ARRAY               mmap=True
  - category_l3                  ARRAY               mmap=True
  - category_l4                  ARRAY               mmap=True
  - category_l5                  ARRAY               mmap=True
  - name                         VARCHAR             mmap=True
  - manufacturerName             VARCHAR             mmap=True
  - description                  VARCHAR             mmap=True
  - ean                          VARCHAR             mmap=True
  - article_number               VARCHAR             mmap=True
  - manufacturerArticleNumber    VARCHAR             mmap=True
  - manufacturerArticleType      VARCHAR             mmap=True
  - n                            INT64               mmap=True
Staging + submitting 16 bucket(s) through /tmp/milvus_bulk_stage (workers=16) — pipelined
I0421 04:53:15.942351  496600 fork_posix.cc:71] Other threads are currently calling into gRPC, skipping fork() handlers
I0421 04:53:15.953506  496600 fork_posix.cc:71] Other threads are currently calling into gRPC, skipping fork() handlers
  bucket=00.parquet: convert=139.8s upload=  9.6s size=5.40 GB
  [ 150s] bucket=00.parquet: staged+submitted -> job 465763506374840168
  bucket=09.parquet: convert=158.6s upload=  8.1s size=5.40 GB
  [ 168s] bucket=09.parquet: staged+submitted -> job 465763506374840267
  bucket=02.parquet: convert=165.4s upload=  9.4s size=5.40 GB
  [ 176s] bucket=02.parquet: staged+submitted -> job 465763506374840315
  bucket=03.parquet: convert=168.5s upload= 10.2s size=5.40 GB
  [ 180s] bucket=03.parquet: staged+submitted -> job 465763506374840347
  bucket=14.parquet: convert=168.9s upload= 10.2s size=5.40 GB
  [ 180s] bucket=14.parquet: staged+submitted -> job 465763506374840355
  bucket=11.parquet: convert=189.0s upload= 22.3s size=5.40 GB
  bucket=13.parquet: convert=189.3s upload= 22.2s size=5.40 GB
  [ 213s] bucket=11.parquet: staged+submitted -> job 465763506374840524
  [ 213s] bucket=13.parquet: staged+submitted -> job 465763506374840532
  bucket=06.parquet: convert=189.3s upload= 23.4s size=5.41 GB
  bucket=12.parquet: convert=189.3s upload= 23.5s size=5.40 GB
  bucket=10.parquet: convert=189.4s upload= 23.6s size=5.41 GB
  [ 214s] bucket=06.parquet: staged+submitted -> job 465763506374840542
  [ 214s] bucket=12.parquet: staged+submitted -> job 465763506374840549
  bucket=04.parquet: convert=189.9s upload= 23.4s size=5.40 GB
  bucket=01.parquet: convert=189.5s upload= 23.8s size=5.40 GB
  bucket=05.parquet: convert=189.5s upload= 23.8s size=5.41 GB
  [ 214s] bucket=10.parquet: staged+submitted -> job 465763506374840559
  bucket=07.parquet: convert=189.8s upload= 23.6s size=5.40 GB
  bucket=15.parquet: convert=189.8s upload= 23.6s size=5.41 GB
  bucket=08.parquet: convert=189.8s upload= 23.7s size=5.41 GB
  [ 214s] bucket=04.parquet: staged+submitted -> job 465763506374840566
  [ 215s] bucket=01.parquet: staged+submitted -> job 465763506374840573
  [ 215s] bucket=05.parquet: staged+submitted -> job 465763506374840580
  [ 215s] bucket=07.parquet: staged+submitted -> job 465763506374840587
  [ 215s] bucket=15.parquet: staged+submitted -> job 465763506374840594
  [ 215s] bucket=08.parquet: staged+submitted -> job 465763506374840601
All staging + submission done in 216.3s

Waiting for bulk-insert jobs to complete...
  [   0s] pending: bucket=00.parquet=10%, bucket=09.parquet=10%, bucket=02.parquet=10%, bucket=03.parquet=10%, bucket=14.parquet=10%, bucket=11.parquet=10%, bucket=13.parquet=10%, bucket=06.parquet=10%, bucket=12.parquet=10%, bucket=10.parquet=10%, bucket=04.parquet=10%, bucket=01.parquet=10%, bucket=05.parquet=10%, bucket=07.parquet=10%, bucket=15.parquet=10%, bucket=08.parquet=10%
  [  10s] pending: bucket=00.parquet=10%, bucket=09.parquet=10%, bucket=02.parquet=10%, bucket=03.parquet=10%, bucket=14.parquet=10%, bucket=11.parquet=10%, bucket=13.parquet=10%, bucket=06.parquet=10%, bucket=12.parquet=10%, bucket=10.parquet=10%, bucket=04.parquet=10%, bucket=01.parquet=10%, bucket=05.parquet=10%, bucket=07.parquet=10%, bucket=15.parquet=10%, bucket=08.parquet=10%
  [  20s] pending: bucket=00.parquet=10%, bucket=09.parquet=10%, bucket=02.parquet=10%, bucket=03.parquet=10%, bucket=14.parquet=10%, bucket=11.parquet=10%, bucket=13.parquet=10%, bucket=06.parquet=10%, bucket=12.parquet=10%, bucket=10.parquet=10%, bucket=04.parquet=10%, bucket=01.parquet=10%, bucket=05.parquet=10%, bucket=07.parquet=10%, bucket=15.parquet=10%, bucket=08.parquet=10%
  [  30s] pending: bucket=00.parquet=10%, bucket=09.parquet=10%, bucket=02.parquet=10%, bucket=03.parquet=10%, bucket=14.parquet=10%, bucket=11.parquet=10%, bucket=13.parquet=10%, bucket=06.parquet=10%, bucket=12.parquet=10%, bucket=10.parquet=10%, bucket=04.parquet=10%, bucket=01.parquet=10%, bucket=05.parquet=10%, bucket=07.parquet=10%, bucket=15.parquet=10%, bucket=08.parquet=10%
  [  40s] pending: bucket=00.parquet=10%, bucket=09.parquet=10%, bucket=02.parquet=10%, bucket=03.parquet=10%, bucket=14.parquet=10%, bucket=11.parquet=10%, bucket=13.parquet=10%, bucket=06.parquet=10%, bucket=12.parquet=10%, bucket=10.parquet=10%, bucket=04.parquet=10%, bucket=01.parquet=10%, bucket=05.parquet=10%, bucket=07.parquet=10%, bucket=15.parquet=10%, bucket=08.parquet=10%
  [  50s] pending: bucket=00.parquet=10%, bucket=09.parquet=10%, bucket=02.parquet=10%, bucket=03.parquet=10%, bucket=14.parquet=10%, bucket=11.parquet=10%, bucket=13.parquet=10%, bucket=06.parquet=10%, bucket=12.parquet=10%, bucket=10.parquet=10%, bucket=04.parquet=10%, bucket=01.parquet=10%, bucket=05.parquet=10%, bucket=07.parquet=10%, bucket=15.parquet=10%, bucket=08.parquet=10%
  [  60s] pending: bucket=00.parquet=10%, bucket=09.parquet=10%, bucket=02.parquet=10%, bucket=03.parquet=10%, bucket=14.parquet=10%, bucket=11.parquet=10%, bucket=13.parquet=10%, bucket=06.parquet=10%, bucket=12.parquet=10%, bucket=10.parquet=10%, bucket=04.parquet=10%, bucket=01.parquet=10%, bucket=05.parquet=10%, bucket=07.parquet=10%, bucket=15.parquet=10%, bucket=08.parquet=10%
  [  70s] pending: bucket=00.parquet=10%, bucket=09.parquet=10%, bucket=02.parquet=10%, bucket=03.parquet=10%, bucket=14.parquet=10%, bucket=11.parquet=10%, bucket=13.parquet=10%, bucket=06.parquet=10%, bucket=12.parquet=10%, bucket=10.parquet=10%, bucket=04.parquet=10%, bucket=01.parquet=10%, bucket=05.parquet=10%, bucket=07.parquet=10%, bucket=15.parquet=10%, bucket=08.parquet=10%
  [  80s] pending: bucket=00.parquet=10%, bucket=09.parquet=10%, bucket=02.parquet=10%, bucket=03.parquet=10%, bucket=14.parquet=10%, bucket=11.parquet=10%, bucket=13.parquet=10%, bucket=06.parquet=10%, bucket=12.parquet=10%, bucket=10.parquet=10%, bucket=04.parquet=10%, bucket=01.parquet=10%, bucket=05.parquet=10%, bucket=07.parquet=10%, bucket=15.parquet=10%, bucket=08.parquet=10%
  [  90s] pending: bucket=00.parquet=10%, bucket=09.parquet=10%, bucket=02.parquet=10%, bucket=03.parquet=10%, bucket=14.parquet=10%, bucket=11.parquet=10%, bucket=13.parquet=10%, bucket=06.parquet=10%, bucket=12.parquet=10%, bucket=10.parquet=10%, bucket=04.parquet=10%, bucket=01.parquet=10%, bucket=05.parquet=10%, bucket=07.parquet=10%, bucket=15.parquet=10%, bucket=08.parquet=10%
  [ 100s] pending: bucket=00.parquet=10%, bucket=09.parquet=10%, bucket=02.parquet=10%, bucket=03.parquet=10%, bucket=14.parquet=10%, bucket=11.parquet=10%, bucket=13.parquet=10%, bucket=06.parquet=10%, bucket=12.parquet=10%, bucket=10.parquet=10%, bucket=04.parquet=10%, bucket=01.parquet=10%, bucket=05.parquet=10%, bucket=07.parquet=10%, bucket=15.parquet=10%, bucket=08.parquet=10%
  [ 110s] pending: bucket=00.parquet=40%, bucket=09.parquet=10%, bucket=02.parquet=10%, bucket=03.parquet=10%, bucket=14.parquet=10%, bucket=11.parquet=10%, bucket=13.parquet=10%, bucket=06.parquet=10%, bucket=12.parquet=10%, bucket=10.parquet=10%, bucket=04.parquet=10%, bucket=01.parquet=10%, bucket=05.parquet=10%, bucket=07.parquet=10%, bucket=15.parquet=10%, bucket=08.parquet=10%
  [ 120s] pending: bucket=00.parquet=40%, bucket=09.parquet=10%, bucket=02.parquet=10%, bucket=03.parquet=10%, bucket=14.parquet=10%, bucket=11.parquet=10%, bucket=13.parquet=10%, bucket=06.parquet=10%, bucket=12.parquet=10%, bucket=10.parquet=10%, bucket=04.parquet=10%, bucket=01.parquet=10%, bucket=05.parquet=10%, bucket=07.parquet=10%, bucket=15.parquet=10%, bucket=08.parquet=10%
  [ 130s] pending: bucket=00.parquet=40%, bucket=09.parquet=10%, bucket=02.parquet=10%, bucket=03.parquet=10%, bucket=14.parquet=10%, bucket=11.parquet=10%, bucket=13.parquet=10%, bucket=06.parquet=10%, bucket=12.parquet=10%, bucket=10.parquet=10%, bucket=04.parquet=10%, bucket=01.parquet=10%, bucket=05.parquet=10%, bucket=07.parquet=10%, bucket=15.parquet=10%, bucket=08.parquet=10%
  [ 140s] pending: bucket=00.parquet=40%, bucket=09.parquet=10%, bucket=02.parquet=10%, bucket=03.parquet=10%, bucket=14.parquet=10%, bucket=11.parquet=10%, bucket=13.parquet=10%, bucket=06.parquet=10%, bucket=12.parquet=10%, bucket=10.parquet=10%, bucket=04.parquet=10%, bucket=01.parquet=10%, bucket=05.parquet=10%, bucket=07.parquet=10%, bucket=15.parquet=10%, bucket=08.parquet=10%
  [ 150s] pending: bucket=00.parquet=40%, bucket=09.parquet=10%, bucket=02.parquet=10%, bucket=03.parquet=10%, bucket=14.parquet=10%, bucket=11.parquet=10%, bucket=13.parquet=10%, bucket=06.parquet=10%, bucket=12.parquet=10%, bucket=10.parquet=10%, bucket=04.parquet=10%, bucket=01.parquet=10%, bucket=05.parquet=10%, bucket=07.parquet=10%, bucket=15.parquet=10%, bucket=08.parquet=10%
  [ 160s] pending: bucket=00.parquet=40%, bucket=09.parquet=10%, bucket=02.parquet=10%, bucket=03.parquet=10%, bucket=14.parquet=10%, bucket=11.parquet=10%, bucket=13.parquet=10%, bucket=06.parquet=10%, bucket=12.parquet=10%, bucket=10.parquet=10%, bucket=04.parquet=10%, bucket=01.parquet=10%, bucket=05.parquet=10%, bucket=07.parquet=10%, bucket=15.parquet=10%, bucket=08.parquet=10%
  [ 171s] pending: bucket=00.parquet=40%, bucket=09.parquet=10%, bucket=02.parquet=10%, bucket=03.parquet=10%, bucket=14.parquet=10%, bucket=11.parquet=10%, bucket=13.parquet=10%, bucket=06.parquet=10%, bucket=12.parquet=10%, bucket=10.parquet=10%, bucket=04.parquet=10%, bucket=01.parquet=10%, bucket=05.parquet=10%, bucket=07.parquet=10%, bucket=15.parquet=10%, bucket=08.parquet=10%
  [ 181s] pending: bucket=00.parquet=40%, bucket=09.parquet=10%, bucket=02.parquet=10%, bucket=03.parquet=10%, bucket=14.parquet=10%, bucket=11.parquet=10%, bucket=13.parquet=10%, bucket=06.parquet=10%, bucket=12.parquet=10%, bucket=10.parquet=10%, bucket=04.parquet=10%, bucket=01.parquet=10%, bucket=05.parquet=10%, bucket=07.parquet=10%, bucket=15.parquet=10%, bucket=08.parquet=10%
  [ 191s] pending: bucket=00.parquet=40%, bucket=09.parquet=10%, bucket=02.parquet=10%, bucket=03.parquet=10%, bucket=14.parquet=10%, bucket=11.parquet=10%, bucket=13.parquet=10%, bucket=06.parquet=10%, bucket=12.parquet=10%, bucket=10.parquet=10%, bucket=04.parquet=10%, bucket=01.parquet=10%, bucket=05.parquet=10%, bucket=07.parquet=10%, bucket=15.parquet=10%, bucket=08.parquet=10%
  [ 201s] pending: bucket=00.parquet=40%, bucket=09.parquet=10%, bucket=02.parquet=10%, bucket=03.parquet=10%, bucket=14.parquet=10%, bucket=11.parquet=10%, bucket=13.parquet=10%, bucket=06.parquet=10%, bucket=12.parquet=10%, bucket=10.parquet=10%, bucket=04.parquet=10%, bucket=01.parquet=10%, bucket=05.parquet=10%, bucket=07.parquet=10%, bucket=15.parquet=10%, bucket=08.parquet=10%
  [ 211s] pending: bucket=00.parquet=40%, bucket=09.parquet=10%, bucket=02.parquet=10%, bucket=03.parquet=10%, bucket=14.parquet=10%, bucket=11.parquet=10%, bucket=13.parquet=10%, bucket=06.parquet=10%, bucket=12.parquet=10%, bucket=10.parquet=10%, bucket=04.parquet=10%, bucket=01.parquet=10%, bucket=05.parquet=10%, bucket=07.parquet=10%, bucket=15.parquet=10%, bucket=08.parquet=10%
  [ 221s] pending: bucket=00.parquet=40%, bucket=09.parquet=10%, bucket=02.parquet=10%, bucket=03.parquet=10%, bucket=14.parquet=10%, bucket=11.parquet=10%, bucket=13.parquet=10%, bucket=06.parquet=10%, bucket=12.parquet=10%, bucket=10.parquet=10%, bucket=04.parquet=10%, bucket=01.parquet=10%, bucket=05.parquet=10%, bucket=07.parquet=10%, bucket=15.parquet=10%, bucket=08.parquet=10%
  [ 231s] pending: bucket=00.parquet=40%, bucket=09.parquet=10%, bucket=02.parquet=10%, bucket=03.parquet=10%, bucket=14.parquet=10%, bucket=11.parquet=10%, bucket=13.parquet=10%, bucket=06.parquet=10%, bucket=12.parquet=10%, bucket=10.parquet=10%, bucket=04.parquet=10%, bucket=01.parquet=10%, bucket=05.parquet=10%, bucket=07.parquet=10%, bucket=15.parquet=10%, bucket=08.parquet=10%
  [ 241s] pending: bucket=00.parquet=40%, bucket=09.parquet=10%, bucket=02.parquet=10%, bucket=03.parquet=10%, bucket=14.parquet=10%, bucket=11.parquet=10%, bucket=13.parquet=10%, bucket=06.parquet=10%, bucket=12.parquet=10%, bucket=10.parquet=10%, bucket=04.parquet=10%, bucket=01.parquet=10%, bucket=05.parquet=10%, bucket=07.parquet=10%, bucket=15.parquet=10%, bucket=08.parquet=10%
  [ 251s] pending: bucket=00.parquet=40%, bucket=09.parquet=10%, bucket=02.parquet=10%, bucket=03.parquet=10%, bucket=14.parquet=10%, bucket=11.parquet=10%, bucket=13.parquet=10%, bucket=06.parquet=10%, bucket=12.parquet=10%, bucket=10.parquet=10%, bucket=04.parquet=10%, bucket=01.parquet=10%, bucket=05.parquet=10%, bucket=07.parquet=10%, bucket=15.parquet=10%, bucket=08.parquet=10%
  [ 261s] pending: bucket=00.parquet=40%, bucket=09.parquet=10%, bucket=02.parquet=10%, bucket=03.parquet=10%, bucket=14.parquet=10%, bucket=11.parquet=10%, bucket=13.parquet=10%, bucket=06.parquet=10%, bucket=12.parquet=10%, bucket=10.parquet=10%, bucket=04.parquet=10%, bucket=01.parquet=10%, bucket=05.parquet=10%, bucket=07.parquet=10%, bucket=15.parquet=10%, bucket=08.parquet=10%
  [ 271s] pending: bucket=00.parquet=40%, bucket=09.parquet=10%, bucket=02.parquet=10%, bucket=03.parquet=10%, bucket=14.parquet=10%, bucket=11.parquet=10%, bucket=13.parquet=10%, bucket=06.parquet=10%, bucket=12.parquet=10%, bucket=10.parquet=10%, bucket=04.parquet=10%, bucket=01.parquet=10%, bucket=05.parquet=10%, bucket=07.parquet=10%, bucket=15.parquet=10%, bucket=08.parquet=10%
  [ 281s] pending: bucket=00.parquet=40%, bucket=09.parquet=10%, bucket=02.parquet=10%, bucket=03.parquet=10%, bucket=14.parquet=10%, bucket=11.parquet=10%, bucket=13.parquet=10%, bucket=06.parquet=10%, bucket=12.parquet=10%, bucket=10.parquet=10%, bucket=04.parquet=10%, bucket=01.parquet=10%, bucket=05.parquet=10%, bucket=07.parquet=10%, bucket=15.parquet=10%, bucket=08.parquet=10%
  [ 291s] pending: bucket=00.parquet=40%, bucket=09.parquet=10%, bucket=02.parquet=10%, bucket=03.parquet=10%, bucket=14.parquet=10%, bucket=11.parquet=10%, bucket=13.parquet=10%, bucket=06.parquet=10%, bucket=12.parquet=10%, bucket=10.parquet=10%, bucket=04.parquet=10%, bucket=01.parquet=10%, bucket=05.parquet=10%, bucket=07.parquet=10%, bucket=15.parquet=10%, bucket=08.parquet=10%
  [ 301s] pending: bucket=00.parquet=40%, bucket=09.parquet=40%, bucket=02.parquet=10%, bucket=03.parquet=40%, bucket=14.parquet=10%, bucket=11.parquet=10%, bucket=13.parquet=40%, bucket=06.parquet=10%, bucket=12.parquet=10%, bucket=10.parquet=40%, bucket=04.parquet=10%, bucket=01.parquet=40%, bucket=05.parquet=10%, bucket=07.parquet=40%, bucket=15.parquet=40%, bucket=08.parquet=10%
  [ 311s] pending: bucket=00.parquet=40%, bucket=09.parquet=40%, bucket=02.parquet=40%, bucket=03.parquet=40%, bucket=14.parquet=40%, bucket=11.parquet=40%, bucket=13.parquet=40%, bucket=06.parquet=40%, bucket=12.parquet=40%, bucket=10.parquet=40%, bucket=04.parquet=40%, bucket=01.parquet=40%, bucket=05.parquet=40%, bucket=07.parquet=40%, bucket=15.parquet=40%, bucket=08.parquet=40%
  [ 321s] pending: bucket=00.parquet=40%, bucket=09.parquet=40%, bucket=02.parquet=40%, bucket=03.parquet=40%, bucket=14.parquet=40%, bucket=11.parquet=40%, bucket=13.parquet=40%, bucket=06.parquet=40%, bucket=12.parquet=40%, bucket=10.parquet=40%, bucket=04.parquet=40%, bucket=01.parquet=40%, bucket=05.parquet=40%, bucket=07.parquet=40%, bucket=15.parquet=40%, bucket=08.parquet=40%
  [ 331s] pending: bucket=00.parquet=40%, bucket=09.parquet=40%, bucket=02.parquet=40%, bucket=03.parquet=40%, bucket=14.parquet=40%, bucket=11.parquet=40%, bucket=13.parquet=40%, bucket=06.parquet=40%, bucket=12.parquet=40%, bucket=10.parquet=40%, bucket=04.parquet=40%, bucket=01.parquet=40%, bucket=05.parquet=40%, bucket=07.parquet=40%, bucket=15.parquet=40%, bucket=08.parquet=40%
  [ 341s] pending: bucket=00.parquet=40%, bucket=09.parquet=40%, bucket=02.parquet=40%, bucket=03.parquet=40%, bucket=14.parquet=40%, bucket=11.parquet=40%, bucket=13.parquet=40%, bucket=06.parquet=40%, bucket=12.parquet=40%, bucket=10.parquet=40%, bucket=04.parquet=40%, bucket=01.parquet=40%, bucket=05.parquet=40%, bucket=07.parquet=40%, bucket=15.parquet=40%, bucket=08.parquet=40%
  [ 352s] pending: bucket=00.parquet=40%, bucket=09.parquet=40%, bucket=02.parquet=40%, bucket=03.parquet=40%, bucket=14.parquet=40%, bucket=11.parquet=40%, bucket=13.parquet=40%, bucket=06.parquet=40%, bucket=12.parquet=40%, bucket=10.parquet=40%, bucket=04.parquet=40%, bucket=01.parquet=40%, bucket=05.parquet=40%, bucket=07.parquet=40%, bucket=15.parquet=40%, bucket=08.parquet=40%
  [ 362s] pending: bucket=00.parquet=40%, bucket=09.parquet=40%, bucket=02.parquet=40%, bucket=03.parquet=40%, bucket=14.parquet=40%, bucket=11.parquet=40%, bucket=13.parquet=40%, bucket=06.parquet=40%, bucket=12.parquet=40%, bucket=10.parquet=40%, bucket=04.parquet=40%, bucket=01.parquet=40%, bucket=05.parquet=40%, bucket=07.parquet=40%, bucket=15.parquet=40%, bucket=08.parquet=40%
  [ 372s] pending: bucket=00.parquet=40%, bucket=09.parquet=40%, bucket=02.parquet=40%, bucket=03.parquet=40%, bucket=14.parquet=40%, bucket=11.parquet=40%, bucket=13.parquet=40%, bucket=06.parquet=40%, bucket=12.parquet=40%, bucket=10.parquet=40%, bucket=04.parquet=40%, bucket=01.parquet=40%, bucket=05.parquet=40%, bucket=07.parquet=40%, bucket=15.parquet=40%, bucket=08.parquet=40%
  [ 382s] pending: bucket=00.parquet=40%, bucket=09.parquet=40%, bucket=02.parquet=40%, bucket=03.parquet=40%, bucket=14.parquet=40%, bucket=11.parquet=40%, bucket=13.parquet=40%, bucket=06.parquet=40%, bucket=12.parquet=40%, bucket=10.parquet=40%, bucket=04.parquet=40%, bucket=01.parquet=40%, bucket=05.parquet=40%, bucket=07.parquet=40%, bucket=15.parquet=40%, bucket=08.parquet=40%
  [ 392s] pending: bucket=00.parquet=40%, bucket=09.parquet=40%, bucket=02.parquet=40%, bucket=03.parquet=40%, bucket=14.parquet=40%, bucket=11.parquet=40%, bucket=13.parquet=40%, bucket=06.parquet=40%, bucket=12.parquet=40%, bucket=10.parquet=40%, bucket=04.parquet=40%, bucket=01.parquet=40%, bucket=05.parquet=40%, bucket=07.parquet=40%, bucket=15.parquet=40%, bucket=08.parquet=40%
  [ 402s] pending: bucket=00.parquet=40%, bucket=09.parquet=40%, bucket=02.parquet=40%, bucket=03.parquet=40%, bucket=14.parquet=40%, bucket=11.parquet=40%, bucket=13.parquet=40%, bucket=06.parquet=40%, bucket=12.parquet=40%, bucket=10.parquet=40%, bucket=04.parquet=40%, bucket=01.parquet=40%, bucket=05.parquet=40%, bucket=07.parquet=40%, bucket=15.parquet=40%, bucket=08.parquet=40%
  [ 412s] pending: bucket=00.parquet=40%, bucket=09.parquet=40%, bucket=02.parquet=40%, bucket=03.parquet=40%, bucket=14.parquet=40%, bucket=11.parquet=40%, bucket=13.parquet=40%, bucket=06.parquet=40%, bucket=12.parquet=40%, bucket=10.parquet=40%, bucket=04.parquet=40%, bucket=01.parquet=40%, bucket=05.parquet=40%, bucket=07.parquet=40%, bucket=15.parquet=40%, bucket=08.parquet=40%
  [ 422s] pending: bucket=00.parquet=40%, bucket=09.parquet=40%, bucket=02.parquet=40%, bucket=03.parquet=40%, bucket=14.parquet=40%, bucket=11.parquet=40%, bucket=13.parquet=40%, bucket=06.parquet=40%, bucket=12.parquet=40%, bucket=10.parquet=40%, bucket=04.parquet=40%, bucket=01.parquet=40%, bucket=05.parquet=40%, bucket=07.parquet=40%, bucket=15.parquet=40%, bucket=08.parquet=40%
  [ 432s] pending: bucket=00.parquet=40%, bucket=09.parquet=40%, bucket=02.parquet=40%, bucket=03.parquet=40%, bucket=14.parquet=40%, bucket=11.parquet=40%, bucket=13.parquet=40%, bucket=06.parquet=40%, bucket=12.parquet=40%, bucket=10.parquet=40%, bucket=04.parquet=40%, bucket=01.parquet=40%, bucket=05.parquet=40%, bucket=07.parquet=40%, bucket=15.parquet=40%, bucket=08.parquet=40%
  [ 442s] pending: bucket=00.parquet=40%, bucket=09.parquet=40%, bucket=02.parquet=40%, bucket=03.parquet=40%, bucket=14.parquet=40%, bucket=11.parquet=40%, bucket=13.parquet=40%, bucket=06.parquet=40%, bucket=12.parquet=40%, bucket=10.parquet=40%, bucket=04.parquet=40%, bucket=01.parquet=40%, bucket=05.parquet=40%, bucket=07.parquet=40%, bucket=15.parquet=40%, bucket=08.parquet=40%
  [ 452s] pending: bucket=00.parquet=40%, bucket=09.parquet=40%, bucket=02.parquet=40%, bucket=03.parquet=40%, bucket=14.parquet=40%, bucket=11.parquet=40%, bucket=13.parquet=40%, bucket=06.parquet=40%, bucket=12.parquet=40%, bucket=10.parquet=40%, bucket=04.parquet=40%, bucket=01.parquet=40%, bucket=05.parquet=40%, bucket=07.parquet=40%, bucket=15.parquet=40%, bucket=08.parquet=40%
  [ 462s] pending: bucket=00.parquet=40%, bucket=09.parquet=40%, bucket=02.parquet=40%, bucket=03.parquet=40%, bucket=14.parquet=40%, bucket=11.parquet=40%, bucket=13.parquet=40%, bucket=06.parquet=40%, bucket=12.parquet=40%, bucket=10.parquet=40%, bucket=04.parquet=40%, bucket=01.parquet=40%, bucket=05.parquet=40%, bucket=07.parquet=40%, bucket=15.parquet=40%, bucket=08.parquet=40%
  [ 472s] pending: bucket=00.parquet=40%, bucket=09.parquet=40%, bucket=02.parquet=40%, bucket=03.parquet=40%, bucket=14.parquet=40%, bucket=11.parquet=40%, bucket=13.parquet=40%, bucket=06.parquet=40%, bucket=12.parquet=40%, bucket=10.parquet=40%, bucket=04.parquet=40%, bucket=01.parquet=40%, bucket=05.parquet=40%, bucket=07.parquet=40%, bucket=15.parquet=40%, bucket=08.parquet=40%
  [ 482s] pending: bucket=00.parquet=40%, bucket=09.parquet=40%, bucket=02.parquet=40%, bucket=03.parquet=40%, bucket=14.parquet=40%, bucket=11.parquet=40%, bucket=13.parquet=40%, bucket=06.parquet=40%, bucket=12.parquet=40%, bucket=10.parquet=40%, bucket=04.parquet=40%, bucket=01.parquet=40%, bucket=05.parquet=40%, bucket=07.parquet=40%, bucket=15.parquet=40%, bucket=08.parquet=40%
  [ 492s] pending: bucket=00.parquet=40%, bucket=09.parquet=40%, bucket=02.parquet=40%, bucket=03.parquet=40%, bucket=14.parquet=40%, bucket=11.parquet=40%, bucket=13.parquet=40%, bucket=06.parquet=40%, bucket=12.parquet=40%, bucket=10.parquet=40%, bucket=04.parquet=40%, bucket=01.parquet=40%, bucket=05.parquet=40%, bucket=07.parquet=40%, bucket=15.parquet=40%, bucket=08.parquet=40%
  [ 502s] pending: bucket=00.parquet=40%, bucket=09.parquet=40%, bucket=02.parquet=40%, bucket=03.parquet=40%, bucket=14.parquet=40%, bucket=11.parquet=40%, bucket=13.parquet=40%, bucket=06.parquet=40%, bucket=12.parquet=40%, bucket=10.parquet=40%, bucket=04.parquet=40%, bucket=01.parquet=40%, bucket=05.parquet=40%, bucket=07.parquet=40%, bucket=15.parquet=40%, bucket=08.parquet=40%
  [ 512s] pending: bucket=00.parquet=70%, bucket=09.parquet=40%, bucket=02.parquet=40%, bucket=03.parquet=40%, bucket=14.parquet=40%, bucket=11.parquet=40%, bucket=13.parquet=40%, bucket=06.parquet=40%, bucket=12.parquet=40%, bucket=10.parquet=40%, bucket=04.parquet=40%, bucket=01.parquet=40%, bucket=05.parquet=40%, bucket=07.parquet=40%, bucket=15.parquet=40%, bucket=08.parquet=40%
  [ 523s] pending: bucket=00.parquet=70%, bucket=09.parquet=40%, bucket=02.parquet=40%, bucket=03.parquet=40%, bucket=14.parquet=40%, bucket=11.parquet=40%, bucket=13.parquet=40%, bucket=06.parquet=40%, bucket=12.parquet=40%, bucket=10.parquet=40%, bucket=04.parquet=40%, bucket=01.parquet=40%, bucket=05.parquet=40%, bucket=07.parquet=40%, bucket=15.parquet=40%, bucket=08.parquet=40%
  [ 533s] pending: bucket=00.parquet=70%, bucket=09.parquet=40%, bucket=02.parquet=40%, bucket=03.parquet=40%, bucket=14.parquet=40%, bucket=11.parquet=40%, bucket=13.parquet=40%, bucket=06.parquet=40%, bucket=12.parquet=40%, bucket=10.parquet=40%, bucket=04.parquet=40%, bucket=01.parquet=40%, bucket=05.parquet=40%, bucket=07.parquet=40%, bucket=15.parquet=40%, bucket=08.parquet=40%
  [ 543s] pending: bucket=00.parquet=70%, bucket=09.parquet=40%, bucket=02.parquet=40%, bucket=03.parquet=40%, bucket=14.parquet=40%, bucket=11.parquet=40%, bucket=13.parquet=40%, bucket=06.parquet=40%, bucket=12.parquet=40%, bucket=10.parquet=40%, bucket=04.parquet=40%, bucket=01.parquet=40%, bucket=05.parquet=40%, bucket=07.parquet=40%, bucket=15.parquet=40%, bucket=08.parquet=40%
  [ 553s] pending: bucket=00.parquet=70%, bucket=09.parquet=40%, bucket=02.parquet=40%, bucket=03.parquet=40%, bucket=14.parquet=40%, bucket=11.parquet=40%, bucket=13.parquet=40%, bucket=06.parquet=40%, bucket=12.parquet=40%, bucket=10.parquet=40%, bucket=04.parquet=40%, bucket=01.parquet=40%, bucket=05.parquet=40%, bucket=07.parquet=40%, bucket=15.parquet=40%, bucket=08.parquet=40%
  [ 563s] pending: bucket=00.parquet=70%, bucket=09.parquet=40%, bucket=02.parquet=40%, bucket=03.parquet=40%, bucket=14.parquet=40%, bucket=11.parquet=40%, bucket=13.parquet=40%, bucket=06.parquet=40%, bucket=12.parquet=40%, bucket=10.parquet=40%, bucket=04.parquet=40%, bucket=01.parquet=40%, bucket=05.parquet=40%, bucket=07.parquet=40%, bucket=15.parquet=40%, bucket=08.parquet=40%
  [ 573s] pending: bucket=00.parquet=71%, bucket=09.parquet=40%, bucket=02.parquet=40%, bucket=03.parquet=40%, bucket=14.parquet=40%, bucket=11.parquet=40%, bucket=13.parquet=40%, bucket=06.parquet=40%, bucket=12.parquet=40%, bucket=10.parquet=40%, bucket=04.parquet=40%, bucket=01.parquet=40%, bucket=05.parquet=40%, bucket=07.parquet=40%, bucket=15.parquet=40%, bucket=08.parquet=40%
  [ 583s] pending: bucket=00.parquet=75%, bucket=09.parquet=40%, bucket=02.parquet=40%, bucket=03.parquet=40%, bucket=14.parquet=40%, bucket=11.parquet=40%, bucket=13.parquet=40%, bucket=06.parquet=40%, bucket=12.parquet=40%, bucket=10.parquet=40%, bucket=04.parquet=40%, bucket=01.parquet=40%, bucket=05.parquet=40%, bucket=07.parquet=40%, bucket=15.parquet=40%, bucket=08.parquet=40%
  [ 593s] pending: bucket=00.parquet=76%, bucket=09.parquet=40%, bucket=02.parquet=40%, bucket=03.parquet=40%, bucket=14.parquet=40%, bucket=11.parquet=40%, bucket=13.parquet=40%, bucket=06.parquet=40%, bucket=12.parquet=40%, bucket=10.parquet=40%, bucket=04.parquet=40%, bucket=01.parquet=40%, bucket=05.parquet=40%, bucket=07.parquet=40%, bucket=15.parquet=40%, bucket=08.parquet=40%
  [ 603s] pending: bucket=00.parquet=76%, bucket=09.parquet=40%, bucket=02.parquet=40%, bucket=03.parquet=40%, bucket=14.parquet=40%, bucket=11.parquet=40%, bucket=13.parquet=40%, bucket=06.parquet=40%, bucket=12.parquet=40%, bucket=10.parquet=40%, bucket=04.parquet=40%, bucket=01.parquet=40%, bucket=05.parquet=40%, bucket=07.parquet=40%, bucket=15.parquet=40%, bucket=08.parquet=40%
  [ 613s] pending: bucket=00.parquet=76%, bucket=09.parquet=40%, bucket=02.parquet=40%, bucket=03.parquet=40%, bucket=14.parquet=40%, bucket=11.parquet=40%, bucket=13.parquet=40%, bucket=06.parquet=40%, bucket=12.parquet=40%, bucket=10.parquet=40%, bucket=04.parquet=40%, bucket=01.parquet=40%, bucket=05.parquet=40%, bucket=07.parquet=40%, bucket=15.parquet=40%, bucket=08.parquet=40%
  [ 623s] pending: bucket=00.parquet=76%, bucket=09.parquet=40%, bucket=02.parquet=40%, bucket=03.parquet=40%, bucket=14.parquet=40%, bucket=11.parquet=40%, bucket=13.parquet=40%, bucket=06.parquet=40%, bucket=12.parquet=40%, bucket=10.parquet=40%, bucket=04.parquet=40%, bucket=01.parquet=40%, bucket=05.parquet=40%, bucket=07.parquet=40%, bucket=15.parquet=40%, bucket=08.parquet=40%
  [ 633s] pending: bucket=00.parquet=77%, bucket=09.parquet=40%, bucket=02.parquet=40%, bucket=03.parquet=40%, bucket=14.parquet=40%, bucket=11.parquet=40%, bucket=13.parquet=40%, bucket=06.parquet=40%, bucket=12.parquet=40%, bucket=10.parquet=40%, bucket=04.parquet=40%, bucket=01.parquet=40%, bucket=05.parquet=40%, bucket=07.parquet=40%, bucket=15.parquet=40%, bucket=08.parquet=40%
  [ 643s] pending: bucket=00.parquet=77%, bucket=09.parquet=40%, bucket=02.parquet=40%, bucket=03.parquet=40%, bucket=14.parquet=40%, bucket=11.parquet=40%, bucket=13.parquet=40%, bucket=06.parquet=40%, bucket=12.parquet=40%, bucket=10.parquet=40%, bucket=04.parquet=40%, bucket=01.parquet=40%, bucket=05.parquet=40%, bucket=07.parquet=40%, bucket=15.parquet=40%, bucket=08.parquet=40%
  [ 654s] pending: bucket=00.parquet=80%, bucket=09.parquet=40%, bucket=02.parquet=40%, bucket=03.parquet=40%, bucket=14.parquet=40%, bucket=11.parquet=40%, bucket=13.parquet=40%, bucket=06.parquet=40%, bucket=12.parquet=40%, bucket=10.parquet=40%, bucket=04.parquet=40%, bucket=01.parquet=40%, bucket=05.parquet=40%, bucket=07.parquet=40%, bucket=15.parquet=40%, bucket=08.parquet=40%
  [ 664s] bucket=00.parquet: Completed (9,954,348 rows)
  [ 664s] pending: bucket=09.parquet=40%, bucket=02.parquet=40%, bucket=03.parquet=40%, bucket=14.parquet=40%, bucket=11.parquet=40%, bucket=13.parquet=40%, bucket=06.parquet=40%, bucket=12.parquet=40%, bucket=10.parquet=40%, bucket=04.parquet=40%, bucket=01.parquet=40%, bucket=05.parquet=40%, bucket=07.parquet=40%, bucket=15.parquet=40%, bucket=08.parquet=40%
  [ 674s] pending: bucket=09.parquet=40%, bucket=02.parquet=40%, bucket=03.parquet=40%, bucket=14.parquet=40%, bucket=11.parquet=40%, bucket=13.parquet=40%, bucket=06.parquet=40%, bucket=12.parquet=40%, bucket=10.parquet=40%, bucket=04.parquet=40%, bucket=01.parquet=40%, bucket=05.parquet=40%, bucket=07.parquet=40%, bucket=15.parquet=40%, bucket=08.parquet=40%
  [ 684s] pending: bucket=09.parquet=40%, bucket=02.parquet=40%, bucket=03.parquet=40%, bucket=14.parquet=40%, bucket=11.parquet=40%, bucket=13.parquet=40%, bucket=06.parquet=40%, bucket=12.parquet=40%, bucket=10.parquet=40%, bucket=04.parquet=40%, bucket=01.parquet=40%, bucket=05.parquet=40%, bucket=07.parquet=40%, bucket=15.parquet=40%, bucket=08.parquet=40%
  [ 694s] pending: bucket=09.parquet=40%, bucket=02.parquet=40%, bucket=03.parquet=40%, bucket=14.parquet=40%, bucket=11.parquet=40%, bucket=13.parquet=40%, bucket=06.parquet=40%, bucket=12.parquet=40%, bucket=10.parquet=40%, bucket=04.parquet=40%, bucket=01.parquet=40%, bucket=05.parquet=40%, bucket=07.parquet=40%, bucket=15.parquet=40%, bucket=08.parquet=40%
  [ 704s] pending: bucket=09.parquet=40%, bucket=02.parquet=40%, bucket=03.parquet=40%, bucket=14.parquet=40%, bucket=11.parquet=40%, bucket=13.parquet=40%, bucket=06.parquet=40%, bucket=12.parquet=40%, bucket=10.parquet=40%, bucket=04.parquet=40%, bucket=01.parquet=40%, bucket=05.parquet=40%, bucket=07.parquet=40%, bucket=15.parquet=40%, bucket=08.parquet=40%
  [ 714s] pending: bucket=09.parquet=40%, bucket=02.parquet=40%, bucket=03.parquet=40%, bucket=14.parquet=40%, bucket=11.parquet=40%, bucket=13.parquet=40%, bucket=06.parquet=40%, bucket=12.parquet=40%, bucket=10.parquet=40%, bucket=04.parquet=40%, bucket=01.parquet=40%, bucket=05.parquet=40%, bucket=07.parquet=40%, bucket=15.parquet=40%, bucket=08.parquet=40%
  [ 724s] pending: bucket=09.parquet=40%, bucket=02.parquet=40%, bucket=03.parquet=40%, bucket=14.parquet=40%, bucket=11.parquet=40%, bucket=13.parquet=40%, bucket=06.parquet=40%, bucket=12.parquet=40%, bucket=10.parquet=40%, bucket=04.parquet=40%, bucket=01.parquet=40%, bucket=05.parquet=40%, bucket=07.parquet=40%, bucket=15.parquet=40%, bucket=08.parquet=40%
  [ 734s] pending: bucket=09.parquet=40%, bucket=02.parquet=40%, bucket=03.parquet=40%, bucket=14.parquet=40%, bucket=11.parquet=40%, bucket=13.parquet=40%, bucket=06.parquet=40%, bucket=12.parquet=40%, bucket=10.parquet=40%, bucket=04.parquet=40%, bucket=01.parquet=40%, bucket=05.parquet=40%, bucket=07.parquet=40%, bucket=15.parquet=40%, bucket=08.parquet=40%
  [ 744s] pending: bucket=09.parquet=40%, bucket=02.parquet=40%, bucket=03.parquet=40%, bucket=14.parquet=40%, bucket=11.parquet=40%, bucket=13.parquet=40%, bucket=06.parquet=40%, bucket=12.parquet=40%, bucket=10.parquet=40%, bucket=04.parquet=40%, bucket=01.parquet=40%, bucket=05.parquet=40%, bucket=07.parquet=40%, bucket=15.parquet=40%, bucket=08.parquet=40%
  [ 754s] pending: bucket=09.parquet=40%, bucket=02.parquet=40%, bucket=03.parquet=40%, bucket=14.parquet=40%, bucket=11.parquet=40%, bucket=13.parquet=40%, bucket=06.parquet=40%, bucket=12.parquet=40%, bucket=10.parquet=40%, bucket=04.parquet=40%, bucket=01.parquet=40%, bucket=05.parquet=40%, bucket=07.parquet=40%, bucket=15.parquet=40%, bucket=08.parquet=40%
  [ 764s] pending: bucket=09.parquet=40%, bucket=02.parquet=40%, bucket=03.parquet=40%, bucket=14.parquet=40%, bucket=11.parquet=40%, bucket=13.parquet=40%, bucket=06.parquet=40%, bucket=12.parquet=40%, bucket=10.parquet=40%, bucket=04.parquet=40%, bucket=01.parquet=40%, bucket=05.parquet=40%, bucket=07.parquet=40%, bucket=15.parquet=40%, bucket=08.parquet=40%
  [ 774s] pending: bucket=09.parquet=40%, bucket=02.parquet=40%, bucket=03.parquet=40%, bucket=14.parquet=40%, bucket=11.parquet=40%, bucket=13.parquet=40%, bucket=06.parquet=40%, bucket=12.parquet=40%, bucket=10.parquet=40%, bucket=04.parquet=40%, bucket=01.parquet=40%, bucket=05.parquet=40%, bucket=07.parquet=40%, bucket=15.parquet=40%, bucket=08.parquet=40%
  [ 784s] pending: bucket=09.parquet=40%, bucket=02.parquet=40%, bucket=03.parquet=40%, bucket=14.parquet=40%, bucket=11.parquet=40%, bucket=13.parquet=40%, bucket=06.parquet=40%, bucket=12.parquet=40%, bucket=10.parquet=40%, bucket=04.parquet=40%, bucket=01.parquet=40%, bucket=05.parquet=40%, bucket=07.parquet=40%, bucket=15.parquet=40%, bucket=08.parquet=40%
  [ 794s] pending: bucket=09.parquet=40%, bucket=02.parquet=40%, bucket=03.parquet=40%, bucket=14.parquet=40%, bucket=11.parquet=40%, bucket=13.parquet=40%, bucket=06.parquet=40%, bucket=12.parquet=40%, bucket=10.parquet=40%, bucket=04.parquet=40%, bucket=01.parquet=40%, bucket=05.parquet=40%, bucket=07.parquet=40%, bucket=15.parquet=40%, bucket=08.parquet=40%
  [ 804s] pending: bucket=09.parquet=40%, bucket=02.parquet=40%, bucket=03.parquet=40%, bucket=14.parquet=40%, bucket=11.parquet=40%, bucket=13.parquet=40%, bucket=06.parquet=40%, bucket=12.parquet=40%, bucket=10.parquet=40%, bucket=04.parquet=40%, bucket=01.parquet=40%, bucket=05.parquet=40%, bucket=07.parquet=40%, bucket=15.parquet=40%, bucket=08.parquet=40%
  [ 814s] pending: bucket=09.parquet=40%, bucket=02.parquet=40%, bucket=03.parquet=40%, bucket=14.parquet=40%, bucket=11.parquet=40%, bucket=13.parquet=40%, bucket=06.parquet=40%, bucket=12.parquet=40%, bucket=10.parquet=40%, bucket=04.parquet=40%, bucket=01.parquet=40%, bucket=05.parquet=40%, bucket=07.parquet=40%, bucket=15.parquet=40%, bucket=08.parquet=40%
  [ 825s] pending: bucket=09.parquet=40%, bucket=02.parquet=40%, bucket=03.parquet=40%, bucket=14.parquet=40%, bucket=11.parquet=40%, bucket=13.parquet=40%, bucket=06.parquet=40%, bucket=12.parquet=40%, bucket=10.parquet=40%, bucket=04.parquet=40%, bucket=01.parquet=40%, bucket=05.parquet=40%, bucket=07.parquet=40%, bucket=15.parquet=40%, bucket=08.parquet=40%
  [ 835s] pending: bucket=09.parquet=40%, bucket=02.parquet=40%, bucket=03.parquet=40%, bucket=14.parquet=40%, bucket=11.parquet=40%, bucket=13.parquet=40%, bucket=06.parquet=40%, bucket=12.parquet=40%, bucket=10.parquet=40%, bucket=04.parquet=40%, bucket=01.parquet=40%, bucket=05.parquet=40%, bucket=07.parquet=40%, bucket=15.parquet=40%, bucket=08.parquet=40%
  [ 845s] pending: bucket=09.parquet=40%, bucket=02.parquet=40%, bucket=03.parquet=40%, bucket=14.parquet=40%, bucket=11.parquet=40%, bucket=13.parquet=40%, bucket=06.parquet=40%, bucket=12.parquet=40%, bucket=10.parquet=40%, bucket=04.parquet=40%, bucket=01.parquet=40%, bucket=05.parquet=40%, bucket=07.parquet=40%, bucket=15.parquet=40%, bucket=08.parquet=40%
  [ 855s] pending: bucket=09.parquet=70%, bucket=02.parquet=70%, bucket=03.parquet=40%, bucket=14.parquet=40%, bucket=11.parquet=70%, bucket=13.parquet=70%, bucket=06.parquet=70%, bucket=12.parquet=40%, bucket=10.parquet=70%, bucket=04.parquet=70%, bucket=01.parquet=40%, bucket=05.parquet=40%, bucket=07.parquet=40%, bucket=15.parquet=70%, bucket=08.parquet=70%
  [ 865s] pending: bucket=09.parquet=70%, bucket=02.parquet=70%, bucket=03.parquet=70%, bucket=14.parquet=70%, bucket=11.parquet=70%, bucket=13.parquet=70%, bucket=06.parquet=70%, bucket=12.parquet=70%, bucket=10.parquet=70%, bucket=04.parquet=70%, bucket=01.parquet=70%, bucket=05.parquet=70%, bucket=07.parquet=70%, bucket=15.parquet=70%, bucket=08.parquet=70%
  [ 875s] pending: bucket=09.parquet=70%, bucket=02.parquet=70%, bucket=03.parquet=70%, bucket=14.parquet=70%, bucket=11.parquet=70%, bucket=13.parquet=70%, bucket=06.parquet=70%, bucket=12.parquet=70%, bucket=10.parquet=70%, bucket=04.parquet=70%, bucket=01.parquet=70%, bucket=05.parquet=70%, bucket=07.parquet=70%, bucket=15.parquet=70%, bucket=08.parquet=70%
  [ 885s] pending: bucket=09.parquet=70%, bucket=02.parquet=70%, bucket=03.parquet=70%, bucket=14.parquet=70%, bucket=11.parquet=70%, bucket=13.parquet=70%, bucket=06.parquet=70%, bucket=12.parquet=70%, bucket=10.parquet=70%, bucket=04.parquet=70%, bucket=01.parquet=70%, bucket=05.parquet=70%, bucket=07.parquet=70%, bucket=15.parquet=70%, bucket=08.parquet=70%
  [ 895s] pending: bucket=09.parquet=70%, bucket=02.parquet=70%, bucket=03.parquet=70%, bucket=14.parquet=70%, bucket=11.parquet=70%, bucket=13.parquet=70%, bucket=06.parquet=70%, bucket=12.parquet=70%, bucket=10.parquet=70%, bucket=04.parquet=70%, bucket=01.parquet=70%, bucket=05.parquet=70%, bucket=07.parquet=70%, bucket=15.parquet=70%, bucket=08.parquet=70%
  [ 905s] pending: bucket=09.parquet=70%, bucket=02.parquet=70%, bucket=03.parquet=70%, bucket=14.parquet=70%, bucket=11.parquet=70%, bucket=13.parquet=70%, bucket=06.parquet=70%, bucket=12.parquet=70%, bucket=10.parquet=70%, bucket=04.parquet=74%, bucket=01.parquet=70%, bucket=05.parquet=70%, bucket=07.parquet=70%, bucket=15.parquet=70%, bucket=08.parquet=70%
  [ 915s] pending: bucket=09.parquet=70%, bucket=02.parquet=70%, bucket=03.parquet=70%, bucket=14.parquet=70%, bucket=11.parquet=70%, bucket=13.parquet=70%, bucket=06.parquet=70%, bucket=12.parquet=70%, bucket=10.parquet=70%, bucket=04.parquet=77%, bucket=01.parquet=70%, bucket=05.parquet=70%, bucket=07.parquet=70%, bucket=15.parquet=70%, bucket=08.parquet=70%
  [ 925s] pending: bucket=09.parquet=70%, bucket=02.parquet=70%, bucket=03.parquet=70%, bucket=14.parquet=70%, bucket=11.parquet=70%, bucket=13.parquet=70%, bucket=06.parquet=70%, bucket=12.parquet=70%, bucket=10.parquet=70%, bucket=04.parquet=77%, bucket=01.parquet=70%, bucket=05.parquet=70%, bucket=07.parquet=70%, bucket=15.parquet=70%, bucket=08.parquet=70%
  [ 935s] pending: bucket=09.parquet=70%, bucket=02.parquet=70%, bucket=03.parquet=70%, bucket=14.parquet=70%, bucket=11.parquet=70%, bucket=13.parquet=70%, bucket=06.parquet=70%, bucket=12.parquet=70%, bucket=10.parquet=70%, bucket=04.parquet=77%, bucket=01.parquet=70%, bucket=05.parquet=70%, bucket=07.parquet=70%, bucket=15.parquet=70%, bucket=08.parquet=70%
  [ 945s] pending: bucket=09.parquet=70%, bucket=02.parquet=70%, bucket=03.parquet=70%, bucket=14.parquet=70%, bucket=11.parquet=70%, bucket=13.parquet=70%, bucket=06.parquet=70%, bucket=12.parquet=70%, bucket=10.parquet=70%, bucket=04.parquet=78%, bucket=01.parquet=70%, bucket=05.parquet=70%, bucket=07.parquet=70%, bucket=15.parquet=70%, bucket=08.parquet=70%
  [ 955s] bucket=04.parquet: Completed (9,955,580 rows)
  [ 955s] pending: bucket=09.parquet=70%, bucket=02.parquet=70%, bucket=03.parquet=70%, bucket=14.parquet=70%, bucket=11.parquet=70%, bucket=13.parquet=73%, bucket=06.parquet=70%, bucket=12.parquet=70%, bucket=10.parquet=70%, bucket=01.parquet=70%, bucket=05.parquet=70%, bucket=07.parquet=70%, bucket=15.parquet=70%, bucket=08.parquet=70%
  [ 965s] pending: bucket=09.parquet=70%, bucket=02.parquet=70%, bucket=03.parquet=70%, bucket=14.parquet=70%, bucket=11.parquet=70%, bucket=13.parquet=74%, bucket=06.parquet=70%, bucket=12.parquet=70%, bucket=10.parquet=70%, bucket=01.parquet=70%, bucket=05.parquet=70%, bucket=07.parquet=70%, bucket=15.parquet=70%, bucket=08.parquet=70%
  [ 975s] pending: bucket=09.parquet=70%, bucket=02.parquet=70%, bucket=03.parquet=70%, bucket=14.parquet=70%, bucket=11.parquet=70%, bucket=13.parquet=75%, bucket=06.parquet=70%, bucket=12.parquet=70%, bucket=10.parquet=70%, bucket=01.parquet=70%, bucket=05.parquet=70%, bucket=07.parquet=70%, bucket=15.parquet=70%, bucket=08.parquet=70%
  [ 985s] pending: bucket=09.parquet=70%, bucket=02.parquet=70%, bucket=03.parquet=70%, bucket=14.parquet=70%, bucket=11.parquet=70%, bucket=13.parquet=76%, bucket=06.parquet=70%, bucket=12.parquet=70%, bucket=10.parquet=70%, bucket=01.parquet=70%, bucket=05.parquet=70%, bucket=07.parquet=70%, bucket=15.parquet=70%, bucket=08.parquet=70%
  [ 995s] pending: bucket=09.parquet=70%, bucket=02.parquet=70%, bucket=03.parquet=70%, bucket=14.parquet=70%, bucket=11.parquet=70%, bucket=13.parquet=79%, bucket=06.parquet=70%, bucket=12.parquet=70%, bucket=10.parquet=70%, bucket=01.parquet=70%, bucket=05.parquet=70%, bucket=07.parquet=70%, bucket=15.parquet=70%, bucket=08.parquet=70%
  [1005s] pending: bucket=09.parquet=70%, bucket=02.parquet=70%, bucket=03.parquet=70%, bucket=14.parquet=70%, bucket=11.parquet=70%, bucket=13.parquet=90%, bucket=06.parquet=70%, bucket=12.parquet=70%, bucket=10.parquet=70%, bucket=01.parquet=70%, bucket=05.parquet=70%, bucket=07.parquet=71%, bucket=15.parquet=70%, bucket=08.parquet=70%
  [1015s] bucket=13.parquet: Completed (9,953,747 rows)
  [1015s] pending: bucket=09.parquet=70%, bucket=02.parquet=70%, bucket=03.parquet=70%, bucket=14.parquet=70%, bucket=11.parquet=70%, bucket=06.parquet=70%, bucket=12.parquet=70%, bucket=10.parquet=70%, bucket=01.parquet=70%, bucket=05.parquet=70%, bucket=07.parquet=72%, bucket=15.parquet=70%, bucket=08.parquet=70%
  [1025s] pending: bucket=09.parquet=70%, bucket=02.parquet=70%, bucket=03.parquet=70%, bucket=14.parquet=70%, bucket=11.parquet=70%, bucket=06.parquet=70%, bucket=12.parquet=70%, bucket=10.parquet=70%, bucket=01.parquet=70%, bucket=05.parquet=70%, bucket=07.parquet=74%, bucket=15.parquet=70%, bucket=08.parquet=70%
  [1036s] pending: bucket=09.parquet=70%, bucket=02.parquet=70%, bucket=03.parquet=70%, bucket=14.parquet=70%, bucket=11.parquet=70%, bucket=06.parquet=70%, bucket=12.parquet=70%, bucket=10.parquet=70%, bucket=01.parquet=70%, bucket=05.parquet=70%, bucket=07.parquet=77%, bucket=15.parquet=70%, bucket=08.parquet=70%
  [1046s] pending: bucket=09.parquet=70%, bucket=02.parquet=70%, bucket=03.parquet=70%, bucket=14.parquet=70%, bucket=11.parquet=70%, bucket=06.parquet=70%, bucket=12.parquet=70%, bucket=10.parquet=70%, bucket=01.parquet=70%, bucket=05.parquet=70%, bucket=07.parquet=77%, bucket=15.parquet=70%, bucket=08.parquet=70%
  [1056s] pending: bucket=09.parquet=70%, bucket=02.parquet=70%, bucket=03.parquet=70%, bucket=14.parquet=70%, bucket=11.parquet=70%, bucket=06.parquet=70%, bucket=12.parquet=70%, bucket=10.parquet=70%, bucket=01.parquet=70%, bucket=05.parquet=70%, bucket=07.parquet=78%, bucket=15.parquet=70%, bucket=08.parquet=70%
  [1066s] pending: bucket=09.parquet=70%, bucket=02.parquet=70%, bucket=03.parquet=72%, bucket=14.parquet=70%, bucket=11.parquet=70%, bucket=06.parquet=70%, bucket=12.parquet=70%, bucket=10.parquet=70%, bucket=01.parquet=70%, bucket=05.parquet=70%, bucket=07.parquet=90%, bucket=15.parquet=70%, bucket=08.parquet=70%
  [1076s] bucket=07.parquet: Completed (9,953,828 rows)
  [1076s] pending: bucket=09.parquet=70%, bucket=02.parquet=70%, bucket=03.parquet=74%, bucket=14.parquet=70%, bucket=11.parquet=70%, bucket=06.parquet=70%, bucket=12.parquet=70%, bucket=10.parquet=70%, bucket=01.parquet=70%, bucket=05.parquet=70%, bucket=15.parquet=70%, bucket=08.parquet=70%
  [1086s] pending: bucket=09.parquet=70%, bucket=02.parquet=70%, bucket=03.parquet=74%, bucket=14.parquet=70%, bucket=11.parquet=70%, bucket=06.parquet=70%, bucket=12.parquet=70%, bucket=10.parquet=70%, bucket=01.parquet=70%, bucket=05.parquet=70%, bucket=15.parquet=70%, bucket=08.parquet=70%
  [1096s] pending: bucket=09.parquet=70%, bucket=02.parquet=70%, bucket=03.parquet=75%, bucket=14.parquet=70%, bucket=11.parquet=70%, bucket=06.parquet=70%, bucket=12.parquet=70%, bucket=10.parquet=70%, bucket=01.parquet=70%, bucket=05.parquet=70%, bucket=15.parquet=70%, bucket=08.parquet=70%
  [1106s] pending: bucket=09.parquet=70%, bucket=02.parquet=70%, bucket=03.parquet=77%, bucket=14.parquet=70%, bucket=11.parquet=70%, bucket=06.parquet=70%, bucket=12.parquet=70%, bucket=10.parquet=70%, bucket=01.parquet=70%, bucket=05.parquet=70%, bucket=15.parquet=70%, bucket=08.parquet=70%
  [1116s] pending: bucket=09.parquet=70%, bucket=02.parquet=70%, bucket=03.parquet=78%, bucket=14.parquet=70%, bucket=11.parquet=70%, bucket=06.parquet=70%, bucket=12.parquet=70%, bucket=10.parquet=70%, bucket=01.parquet=70%, bucket=05.parquet=70%, bucket=15.parquet=70%, bucket=08.parquet=70%
  [1126s] bucket=03.parquet: Completed (9,952,055 rows)
  [1126s] pending: bucket=09.parquet=70%, bucket=02.parquet=70%, bucket=14.parquet=70%, bucket=11.parquet=70%, bucket=06.parquet=70%, bucket=12.parquet=70%, bucket=10.parquet=70%, bucket=01.parquet=70%, bucket=05.parquet=70%, bucket=15.parquet=70%, bucket=08.parquet=70%
  [1136s] pending: bucket=09.parquet=70%, bucket=02.parquet=70%, bucket=14.parquet=70%, bucket=11.parquet=70%, bucket=06.parquet=72%, bucket=12.parquet=70%, bucket=10.parquet=70%, bucket=01.parquet=70%, bucket=05.parquet=70%, bucket=15.parquet=70%, bucket=08.parquet=70%
  [1146s] pending: bucket=09.parquet=70%, bucket=02.parquet=70%, bucket=14.parquet=70%, bucket=11.parquet=70%, bucket=06.parquet=75%, bucket=12.parquet=70%, bucket=10.parquet=70%, bucket=01.parquet=70%, bucket=05.parquet=70%, bucket=15.parquet=70%, bucket=08.parquet=70%
  [1156s] pending: bucket=09.parquet=70%, bucket=02.parquet=70%, bucket=14.parquet=70%, bucket=11.parquet=70%, bucket=06.parquet=75%, bucket=12.parquet=70%, bucket=10.parquet=70%, bucket=01.parquet=70%, bucket=05.parquet=70%, bucket=15.parquet=70%, bucket=08.parquet=70%
  [1166s] pending: bucket=09.parquet=70%, bucket=02.parquet=70%, bucket=14.parquet=70%, bucket=11.parquet=70%, bucket=06.parquet=77%, bucket=12.parquet=70%, bucket=10.parquet=70%, bucket=01.parquet=70%, bucket=05.parquet=70%, bucket=15.parquet=70%, bucket=08.parquet=70%
  [1176s] pending: bucket=09.parquet=70%, bucket=02.parquet=70%, bucket=14.parquet=70%, bucket=11.parquet=70%, bucket=06.parquet=77%, bucket=12.parquet=70%, bucket=10.parquet=70%, bucket=01.parquet=70%, bucket=05.parquet=70%, bucket=15.parquet=70%, bucket=08.parquet=70%
  [1186s] bucket=06.parquet: Completed (9,957,159 rows)
  [1186s] pending: bucket=09.parquet=70%, bucket=02.parquet=70%, bucket=14.parquet=70%, bucket=11.parquet=70%, bucket=12.parquet=70%, bucket=10.parquet=70%, bucket=01.parquet=70%, bucket=05.parquet=70%, bucket=15.parquet=70%, bucket=08.parquet=70%
  [1196s] pending: bucket=09.parquet=70%, bucket=02.parquet=70%, bucket=14.parquet=70%, bucket=11.parquet=70%, bucket=12.parquet=70%, bucket=10.parquet=70%, bucket=01.parquet=72%, bucket=05.parquet=70%, bucket=15.parquet=70%, bucket=08.parquet=70%
  [1206s] pending: bucket=09.parquet=70%, bucket=02.parquet=70%, bucket=14.parquet=70%, bucket=11.parquet=70%, bucket=12.parquet=70%, bucket=10.parquet=70%, bucket=01.parquet=74%, bucket=05.parquet=70%, bucket=15.parquet=70%, bucket=08.parquet=70%
  [1216s] pending: bucket=09.parquet=70%, bucket=02.parquet=70%, bucket=14.parquet=70%, bucket=11.parquet=70%, bucket=12.parquet=70%, bucket=10.parquet=70%, bucket=01.parquet=75%, bucket=05.parquet=70%, bucket=15.parquet=70%, bucket=08.parquet=70%
  [1226s] pending: bucket=09.parquet=70%, bucket=02.parquet=70%, bucket=14.parquet=70%, bucket=11.parquet=70%, bucket=12.parquet=70%, bucket=10.parquet=70%, bucket=01.parquet=76%, bucket=05.parquet=70%, bucket=15.parquet=70%, bucket=08.parquet=70%
  [1236s] pending: bucket=09.parquet=70%, bucket=02.parquet=70%, bucket=14.parquet=70%, bucket=11.parquet=70%, bucket=12.parquet=70%, bucket=10.parquet=70%, bucket=01.parquet=79%, bucket=05.parquet=70%, bucket=15.parquet=70%, bucket=08.parquet=70%
  [1246s] bucket=01.parquet: Completed (9,951,864 rows)
  [1246s] pending: bucket=09.parquet=70%, bucket=02.parquet=71%, bucket=14.parquet=70%, bucket=11.parquet=70%, bucket=12.parquet=70%, bucket=10.parquet=70%, bucket=05.parquet=70%, bucket=15.parquet=70%, bucket=08.parquet=70%
  [1256s] pending: bucket=09.parquet=70%, bucket=02.parquet=72%, bucket=14.parquet=70%, bucket=11.parquet=70%, bucket=12.parquet=70%, bucket=10.parquet=70%, bucket=05.parquet=70%, bucket=15.parquet=70%, bucket=08.parquet=70%
  [1266s] pending: bucket=09.parquet=70%, bucket=02.parquet=73%, bucket=14.parquet=70%, bucket=11.parquet=70%, bucket=12.parquet=70%, bucket=10.parquet=70%, bucket=05.parquet=70%, bucket=15.parquet=70%, bucket=08.parquet=70%
  [1276s] pending: bucket=09.parquet=70%, bucket=02.parquet=74%, bucket=14.parquet=70%, bucket=11.parquet=70%, bucket=12.parquet=70%, bucket=10.parquet=70%, bucket=05.parquet=70%, bucket=15.parquet=70%, bucket=08.parquet=70%
  [1286s] pending: bucket=09.parquet=70%, bucket=02.parquet=77%, bucket=14.parquet=70%, bucket=11.parquet=70%, bucket=12.parquet=70%, bucket=10.parquet=70%, bucket=05.parquet=70%, bucket=15.parquet=70%, bucket=08.parquet=70%
  [1296s] pending: bucket=09.parquet=70%, bucket=02.parquet=78%, bucket=14.parquet=70%, bucket=11.parquet=70%, bucket=12.parquet=70%, bucket=10.parquet=70%, bucket=05.parquet=70%, bucket=15.parquet=70%, bucket=08.parquet=70%
  [1306s] pending: bucket=09.parquet=70%, bucket=02.parquet=90%, bucket=14.parquet=70%, bucket=11.parquet=70%, bucket=12.parquet=70%, bucket=10.parquet=70%, bucket=05.parquet=70%, bucket=15.parquet=70%, bucket=08.parquet=70%
  [1316s] bucket=02.parquet: Completed (9,955,033 rows)
  [1317s] pending: bucket=09.parquet=70%, bucket=14.parquet=72%, bucket=11.parquet=70%, bucket=12.parquet=70%, bucket=10.parquet=70%, bucket=05.parquet=70%, bucket=15.parquet=70%, bucket=08.parquet=70%
  [1327s] pending: bucket=09.parquet=70%, bucket=14.parquet=73%, bucket=11.parquet=70%, bucket=12.parquet=70%, bucket=10.parquet=70%, bucket=05.parquet=70%, bucket=15.parquet=70%, bucket=08.parquet=70%
  [1337s] pending: bucket=09.parquet=70%, bucket=14.parquet=75%, bucket=11.parquet=70%, bucket=12.parquet=70%, bucket=10.parquet=70%, bucket=05.parquet=70%, bucket=15.parquet=70%, bucket=08.parquet=70%
  [1347s] pending: bucket=09.parquet=70%, bucket=14.parquet=77%, bucket=11.parquet=70%, bucket=12.parquet=70%, bucket=10.parquet=70%, bucket=05.parquet=70%, bucket=15.parquet=70%, bucket=08.parquet=70%
  [1357s] pending: bucket=09.parquet=70%, bucket=14.parquet=78%, bucket=11.parquet=70%, bucket=12.parquet=70%, bucket=10.parquet=70%, bucket=05.parquet=70%, bucket=15.parquet=70%, bucket=08.parquet=70%
  [1367s] pending: bucket=09.parquet=70%, bucket=14.parquet=80%, bucket=11.parquet=70%, bucket=12.parquet=70%, bucket=10.parquet=70%, bucket=05.parquet=70%, bucket=15.parquet=70%, bucket=08.parquet=70%
  [1377s] bucket=14.parquet: Completed (9,952,761 rows)
  [1377s] pending: bucket=09.parquet=70%, bucket=11.parquet=71%, bucket=12.parquet=70%, bucket=10.parquet=70%, bucket=05.parquet=70%, bucket=15.parquet=70%, bucket=08.parquet=70%
  [1387s] pending: bucket=09.parquet=70%, bucket=11.parquet=73%, bucket=12.parquet=70%, bucket=10.parquet=70%, bucket=05.parquet=70%, bucket=15.parquet=70%, bucket=08.parquet=70%
  [1397s] pending: bucket=09.parquet=70%, bucket=11.parquet=75%, bucket=12.parquet=70%, bucket=10.parquet=70%, bucket=05.parquet=70%, bucket=15.parquet=70%, bucket=08.parquet=70%
  [1407s] pending: bucket=09.parquet=70%, bucket=11.parquet=77%, bucket=12.parquet=70%, bucket=10.parquet=70%, bucket=05.parquet=70%, bucket=15.parquet=70%, bucket=08.parquet=70%
  [1417s] pending: bucket=09.parquet=70%, bucket=11.parquet=77%, bucket=12.parquet=70%, bucket=10.parquet=70%, bucket=05.parquet=70%, bucket=15.parquet=70%, bucket=08.parquet=70%
  [1427s] pending: bucket=09.parquet=70%, bucket=11.parquet=90%, bucket=12.parquet=70%, bucket=10.parquet=70%, bucket=05.parquet=70%, bucket=15.parquet=70%, bucket=08.parquet=70%
  [1437s] bucket=11.parquet: Completed (9,956,023 rows)
  [1437s] pending: bucket=09.parquet=70%, bucket=12.parquet=70%, bucket=10.parquet=72%, bucket=05.parquet=70%, bucket=15.parquet=70%, bucket=08.parquet=70%
  [1447s] pending: bucket=09.parquet=70%, bucket=12.parquet=70%, bucket=10.parquet=74%, bucket=05.parquet=70%, bucket=15.parquet=70%, bucket=08.parquet=70%
  [1457s] pending: bucket=09.parquet=70%, bucket=12.parquet=70%, bucket=10.parquet=75%, bucket=05.parquet=70%, bucket=15.parquet=70%, bucket=08.parquet=70%
  [1467s] pending: bucket=09.parquet=70%, bucket=12.parquet=70%, bucket=10.parquet=77%, bucket=05.parquet=70%, bucket=15.parquet=70%, bucket=08.parquet=70%
  [1477s] pending: bucket=09.parquet=70%, bucket=12.parquet=70%, bucket=10.parquet=78%, bucket=05.parquet=70%, bucket=15.parquet=70%, bucket=08.parquet=70%
  [1487s] bucket=10.parquet: Completed (9,953,854 rows)
  [1487s] pending: bucket=09.parquet=70%, bucket=12.parquet=70%, bucket=05.parquet=70%, bucket=15.parquet=70%, bucket=08.parquet=70%
  [1497s] pending: bucket=09.parquet=70%, bucket=12.parquet=70%, bucket=05.parquet=70%, bucket=15.parquet=70%, bucket=08.parquet=71%
  [1507s] pending: bucket=09.parquet=70%, bucket=12.parquet=70%, bucket=05.parquet=70%, bucket=15.parquet=70%, bucket=08.parquet=74%
  [1517s] pending: bucket=09.parquet=70%, bucket=12.parquet=70%, bucket=05.parquet=70%, bucket=15.parquet=70%, bucket=08.parquet=75%
  [1527s] pending: bucket=09.parquet=70%, bucket=12.parquet=70%, bucket=05.parquet=70%, bucket=15.parquet=70%, bucket=08.parquet=77%
  [1537s] pending: bucket=09.parquet=70%, bucket=12.parquet=70%, bucket=05.parquet=70%, bucket=15.parquet=70%, bucket=08.parquet=77%
  [1547s] pending: bucket=09.parquet=70%, bucket=12.parquet=70%, bucket=05.parquet=70%, bucket=15.parquet=70%, bucket=08.parquet=79%
  [1557s] bucket=08.parquet: Completed (9,956,192 rows)
  [1557s] pending: bucket=09.parquet=70%, bucket=12.parquet=70%, bucket=05.parquet=70%, bucket=15.parquet=72%
  [1567s] pending: bucket=09.parquet=70%, bucket=12.parquet=70%, bucket=05.parquet=70%, bucket=15.parquet=74%
  [1577s] pending: bucket=09.parquet=70%, bucket=12.parquet=70%, bucket=05.parquet=70%, bucket=15.parquet=74%
  [1587s] pending: bucket=09.parquet=70%, bucket=12.parquet=70%, bucket=05.parquet=70%, bucket=15.parquet=76%
  [1597s] pending: bucket=09.parquet=70%, bucket=12.parquet=70%, bucket=05.parquet=70%, bucket=15.parquet=79%
  [1607s] bucket=15.parquet: Completed (9,960,827 rows)
  [1607s] pending: bucket=09.parquet=71%, bucket=12.parquet=70%, bucket=05.parquet=70%
  [1617s] pending: bucket=09.parquet=71%, bucket=12.parquet=70%, bucket=05.parquet=70%
  [1627s] pending: bucket=09.parquet=72%, bucket=12.parquet=70%, bucket=05.parquet=70%
  [1637s] pending: bucket=09.parquet=75%, bucket=12.parquet=70%, bucket=05.parquet=70%
  [1647s] pending: bucket=09.parquet=77%, bucket=12.parquet=70%, bucket=05.parquet=70%
  [1657s] pending: bucket=09.parquet=77%, bucket=12.parquet=70%, bucket=05.parquet=70%
  [1667s] pending: bucket=09.parquet=77%, bucket=12.parquet=70%, bucket=05.parquet=70%
  [1677s] pending: bucket=09.parquet=79%, bucket=12.parquet=72%, bucket=05.parquet=70%
  [1687s] bucket=09.parquet: Completed (9,949,283 rows)
  [1687s] pending: bucket=12.parquet=73%, bucket=05.parquet=70%
  [1697s] pending: bucket=12.parquet=74%, bucket=05.parquet=70%
  [1707s] pending: bucket=12.parquet=75%, bucket=05.parquet=70%
  [1717s] pending: bucket=12.parquet=77%, bucket=05.parquet=70%
  [1727s] pending: bucket=12.parquet=78%, bucket=05.parquet=70%
  [1737s] pending: bucket=12.parquet=79%, bucket=05.parquet=70%
  [1747s] bucket=12.parquet: Completed (9,956,054 rows)
  [1747s] pending: bucket=05.parquet=71%
  [1757s] pending: bucket=05.parquet=72%
  [1767s] pending: bucket=05.parquet=74%
  [1777s] pending: bucket=05.parquet=75%
  [1787s] pending: bucket=05.parquet=77%
  [1797s] pending: bucket=05.parquet=78%
  [1807s] bucket=05.parquet: Completed (9,956,666 rows)

Flushing... (stage+submit: 216.3s, ingest wait: 1807.8s, rows: 159,275,274)
  flush: 0.8s  num_entities=159,275,274

Creating HNSW index on offer_embedding (M=16, efConstruction=360)...
Creating INVERTED index on vendor_ids...
Creating INVERTED index on catalog_version_ids...
Polling all 3 index builds concurrently...
  [catalog_version_ids] t=   0.0s  state=Finished  indexed=0/159,275,274  pending=159,275,274
  [offer_embedding] t=   0.0s  state=Finished  indexed=0/159,275,274  pending=159,275,274
  [vendor_ids] t=   0.0s  state=Finished  indexed=0/159,275,274  pending=159,275,274
