Created 'offers' with 17 fields.
  - id                           VARCHAR              mmap=False
  - offer_embedding              FLOAT16_VECTOR       mmap=False
  - n                            INT64                mmap=True
  - ean                          VARCHAR              mmap=True
  - article_number               VARCHAR              mmap=True
  - manufacturerName             VARCHAR              mmap=True
  - manufacturerArticleNumber    VARCHAR              mmap=True
  - manufacturerArticleType      VARCHAR              mmap=True
  - name                         VARCHAR              mmap=True
  - vendor_ids                   ARRAY                mmap=False
  - catalog_version_ids          ARRAY                mmap=False
  - category_l1                  ARRAY                mmap=True
  - category_l2                  ARRAY                mmap=True
  - category_l3                  ARRAY                mmap=True
  - category_l4                  ARRAY                mmap=True
  - category_l5                  ARRAY                mmap=True
  - description                  VARCHAR              mmap=True

Importing 16 bucket(s) from /mnt/HC_Volume_105463954/simplesystem/data/offers_flat.parquet
  - bucket=00.parquet
  - bucket=01.parquet
  - bucket=02.parquet
  - bucket=03.parquet
  - bucket=04.parquet
  - bucket=05.parquet
  - bucket=06.parquet
  - bucket=07.parquet
  - bucket=08.parquet
  - bucket=09.parquet
  - bucket=10.parquet
  - bucket=11.parquet
  - bucket=12.parquet
  - bucket=13.parquet
  - bucket=14.parquet
  - bucket=15.parquet
  bucket=00.parquet:        5,000/   9,954,348 (  0.1%) @     3,116 rows/s [   1.6s]
  bucket=00.parquet:       10,000/   9,954,348 (  0.1%) @     4,157 rows/s [   2.4s]
  bucket=00.parquet:       15,000/   9,954,348 (  0.2%) @     4,674 rows/s [   3.2s]
  bucket=00.parquet:       20,000/   9,954,348 (  0.2%) @     4,987 rows/s [   4.0s]
  bucket=00.parquet:       25,000/   9,954,348 (  0.3%) @     5,194 rows/s [   4.8s]
  bucket=00.parquet:       30,000/   9,954,348 (  0.3%) @     4,986 rows/s [   6.0s]
  bucket=00.parquet:       35,000/   9,954,348 (  0.4%) @     5,133 rows/s [   6.8s]
  bucket=00.parquet:       40,000/   9,954,348 (  0.4%) @     5,113 rows/s [   7.8s]
  bucket=00.parquet:       45,000/   9,954,348 (  0.5%) @     5,216 rows/s [   8.6s]
  bucket=00.parquet:       50,000/   9,954,348 (  0.5%) @     5,193 rows/s [   9.6s]
  bucket=00.parquet:       55,000/   9,954,348 (  0.6%) @     5,273 rows/s [  10.4s]
  bucket=00.parquet:       60,000/   9,954,348 (  0.6%) @     5,342 rows/s [  11.2s]
  bucket=00.parquet:       65,000/   9,954,348 (  0.7%) @     5,314 rows/s [  12.2s]
  bucket=00.parquet:       70,000/   9,954,348 (  0.7%) @     5,369 rows/s [  13.0s]
  bucket=00.parquet:       75,000/   9,954,348 (  0.8%) @     5,418 rows/s [  13.8s]
  bucket=00.parquet:       80,000/   9,954,348 (  0.8%) @     5,390 rows/s [  14.8s]
  bucket=00.parquet:       85,000/   9,954,348 (  0.9%) @     5,434 rows/s [  15.6s]
  bucket=00.parquet:       90,000/   9,954,348 (  0.9%) @     5,407 rows/s [  16.6s]
  bucket=00.parquet:       95,000/   9,954,348 (  1.0%) @     5,445 rows/s [  17.4s]
  bucket=00.parquet:      100,000/   9,954,348 (  1.0%) @     5,480 rows/s [  18.2s]
  bucket=00.parquet:      105,000/   9,954,348 (  1.1%) @     5,512 rows/s [  19.1s]
  bucket=00.parquet:      110,000/   9,954,348 (  1.1%) @     5,486 rows/s [  20.1s]
  bucket=00.parquet:      115,000/   9,954,348 (  1.2%) @     5,462 rows/s [  21.1s]
  bucket=00.parquet:      120,000/   9,954,348 (  1.2%) @     5,490 rows/s [  21.9s]
  bucket=00.parquet:      125,000/   9,954,348 (  1.3%) @     5,468 rows/s [  22.9s]
  bucket=00.parquet:      130,000/   9,954,348 (  1.3%) @     5,494 rows/s [  23.7s]
  bucket=00.parquet:      135,000/   9,954,348 (  1.4%) @     5,518 rows/s [  24.5s]
  bucket=00.parquet:      140,000/   9,954,348 (  1.4%) @     5,540 rows/s [  25.3s]
  bucket=00.parquet:      145,000/   9,954,348 (  1.5%) @     5,519 rows/s [  26.3s]
  bucket=00.parquet:      150,000/   9,954,348 (  1.5%) @     5,540 rows/s [  27.1s]
  bucket=00.parquet:      155,000/   9,954,348 (  1.6%) @     5,560 rows/s [  27.9s]
  bucket=00.parquet:      160,000/   9,954,348 (  1.6%) @     5,579 rows/s [  28.7s]
  bucket=00.parquet:      165,000/   9,954,348 (  1.7%) @     5,558 rows/s [  29.7s]
  bucket=00.parquet:      170,000/   9,954,348 (  1.7%) @     5,540 rows/s [  30.7s]
  bucket=00.parquet:      175,000/   9,954,348 (  1.8%) @     5,558 rows/s [  31.5s]
  bucket=00.parquet:      180,000/   9,954,348 (  1.8%) @     5,574 rows/s [  32.3s]
  bucket=00.parquet:      185,000/   9,954,348 (  1.9%) @     5,523 rows/s [  33.5s]
  bucket=00.parquet:      190,000/   9,954,348 (  1.9%) @     5,540 rows/s [  34.3s]
  bucket=00.parquet:      195,000/   9,954,348 (  2.0%) @     5,556 rows/s [  35.1s]
  bucket=00.parquet:      200,000/   9,954,348 (  2.0%) @     5,571 rows/s [  35.9s]
  bucket=00.parquet:      205,000/   9,954,348 (  2.1%) @     5,453 rows/s [  37.6s]
  bucket=00.parquet:      210,000/   9,954,348 (  2.1%) @     5,469 rows/s [  38.4s]
  bucket=00.parquet:      215,000/   9,954,348 (  2.2%) @     5,485 rows/s [  39.2s]
  bucket=00.parquet:      220,000/   9,954,348 (  2.2%) @     5,472 rows/s [  40.2s]
  bucket=00.parquet:      225,000/   9,954,348 (  2.3%) @     5,488 rows/s [  41.0s]
  bucket=00.parquet:      230,000/   9,954,348 (  2.3%) @     5,501 rows/s [  41.8s]
  bucket=00.parquet:      235,000/   9,954,348 (  2.4%) @     5,515 rows/s [  42.6s]
  bucket=00.parquet:      240,000/   9,954,348 (  2.4%) @     5,503 rows/s [  43.6s]
  bucket=00.parquet:      245,000/   9,954,348 (  2.5%) @     5,467 rows/s [  44.8s]
  bucket=00.parquet:      250,000/   9,954,348 (  2.5%) @     5,457 rows/s [  45.8s]
  bucket=00.parquet:      255,000/   9,954,348 (  2.6%) @     5,470 rows/s [  46.6s]
  bucket=00.parquet:      260,000/   9,954,348 (  2.6%) @     5,483 rows/s [  47.4s]
  bucket=00.parquet:      265,000/   9,954,348 (  2.7%) @     5,495 rows/s [  48.2s]
  bucket=00.parquet:      270,000/   9,954,348 (  2.7%) @     5,507 rows/s [  49.0s]
  bucket=00.parquet:      275,000/   9,954,348 (  2.8%) @     5,519 rows/s [  49.8s]
  bucket=00.parquet:      280,000/   9,954,348 (  2.8%) @     5,465 rows/s [  51.2s]
  bucket=00.parquet:      285,000/   9,954,348 (  2.9%) @     5,478 rows/s [  52.0s]
  bucket=00.parquet:      290,000/   9,954,348 (  2.9%) @     5,468 rows/s [  53.0s]
  bucket=00.parquet:      295,000/   9,954,348 (  3.0%) @     5,479 rows/s [  53.8s]
  bucket=00.parquet:      300,000/   9,954,348 (  3.0%) @     5,470 rows/s [  54.8s]
  bucket=00.parquet:      305,000/   9,954,348 (  3.1%) @     5,481 rows/s [  55.6s]
  bucket=00.parquet:      310,000/   9,954,348 (  3.1%) @     5,492 rows/s [  56.4s]
  bucket=00.parquet:      315,000/   9,954,348 (  3.2%) @     5,483 rows/s [  57.4s]
  bucket=00.parquet:      320,000/   9,954,348 (  3.2%) @     5,493 rows/s [  58.3s]
  bucket=00.parquet:      325,000/   9,954,348 (  3.3%) @     5,484 rows/s [  59.3s]
  bucket=00.parquet:      330,000/   9,954,348 (  3.3%) @     5,476 rows/s [  60.3s]
  bucket=00.parquet:      335,000/   9,954,348 (  3.4%) @     5,486 rows/s [  61.1s]
  bucket=00.parquet:      340,000/   9,954,348 (  3.4%) @     5,496 rows/s [  61.9s]
  bucket=00.parquet:      345,000/   9,954,348 (  3.5%) @     5,488 rows/s [  62.9s]
  bucket=00.parquet:      350,000/   9,954,348 (  3.5%) @     5,497 rows/s [  63.7s]
  bucket=00.parquet:      355,000/   9,954,348 (  3.6%) @     5,506 rows/s [  64.5s]
  bucket=00.parquet:      360,000/   9,954,348 (  3.6%) @     5,515 rows/s [  65.3s]
  bucket=00.parquet:      365,000/   9,954,348 (  3.7%) @     5,524 rows/s [  66.1s]
  bucket=00.parquet:      370,000/   9,954,348 (  3.7%) @     5,516 rows/s [  67.1s]
  bucket=00.parquet:      375,000/   9,954,348 (  3.8%) @     5,492 rows/s [  68.3s]
  bucket=00.parquet:      380,000/   9,954,348 (  3.8%) @     5,500 rows/s [  69.1s]
  bucket=00.parquet:      385,000/   9,954,348 (  3.9%) @     5,493 rows/s [  70.1s]
  bucket=00.parquet:      390,000/   9,954,348 (  3.9%) @     5,501 rows/s [  70.9s]
  bucket=00.parquet:      395,000/   9,954,348 (  4.0%) @     5,509 rows/s [  71.7s]
  bucket=00.parquet:      400,000/   9,954,348 (  4.0%) @     5,518 rows/s [  72.5s]
  bucket=00.parquet:      405,000/   9,954,348 (  4.1%) @     5,525 rows/s [  73.3s]
  bucket=00.parquet:      410,000/   9,954,348 (  4.1%) @     5,493 rows/s [  74.6s]
  bucket=00.parquet:      415,000/   9,954,348 (  4.2%) @     5,486 rows/s [  75.7s]
  bucket=00.parquet:      420,000/   9,954,348 (  4.2%) @     5,479 rows/s [  76.7s]
  bucket=00.parquet:      425,000/   9,954,348 (  4.3%) @     5,487 rows/s [  77.5s]
  bucket=00.parquet:      430,000/   9,954,348 (  4.3%) @     5,495 rows/s [  78.3s]
  bucket=00.parquet:      435,000/   9,954,348 (  4.4%) @     5,488 rows/s [  79.3s]
  bucket=00.parquet:      440,000/   9,954,348 (  4.4%) @     5,496 rows/s [  80.1s]
  bucket=00.parquet:      445,000/   9,954,348 (  4.5%) @     5,476 rows/s [  81.3s]
  bucket=00.parquet:      450,000/   9,954,348 (  4.5%) @     5,483 rows/s [  82.1s]
  bucket=00.parquet:      455,000/   9,954,348 (  4.6%) @     5,477 rows/s [  83.1s]
  bucket=00.parquet:      460,000/   9,954,348 (  4.6%) @     5,484 rows/s [  83.9s]
  bucket=00.parquet:      465,000/   9,954,348 (  4.7%) @     5,491 rows/s [  84.7s]
  bucket=00.parquet:      470,000/   9,954,348 (  4.7%) @     5,485 rows/s [  85.7s]
  bucket=00.parquet:      475,000/   9,954,348 (  4.8%) @     5,492 rows/s [  86.5s]
  bucket=00.parquet:      480,000/   9,954,348 (  4.8%) @     5,486 rows/s [  87.5s]
  bucket=00.parquet:      485,000/   9,954,348 (  4.9%) @     5,493 rows/s [  88.3s]
  bucket=00.parquet:      490,000/   9,954,348 (  4.9%) @     5,488 rows/s [  89.3s]
  bucket=00.parquet:      495,000/   9,954,348 (  5.0%) @     5,482 rows/s [  90.3s]
  bucket=00.parquet:      500,000/   9,954,348 (  5.0%) @     5,488 rows/s [  91.1s]
  bucket=00.parquet:      505,000/   9,954,348 (  5.1%) @     5,484 rows/s [  92.1s]
  bucket=00.parquet:      510,000/   9,954,348 (  5.1%) @     5,489 rows/s [  92.9s]
  bucket=00.parquet:      515,000/   9,954,348 (  5.2%) @     5,484 rows/s [  93.9s]
  bucket=00.parquet:      520,000/   9,954,348 (  5.2%) @     5,491 rows/s [  94.7s]
  bucket=00.parquet:      525,000/   9,954,348 (  5.3%) @     5,497 rows/s [  95.5s]
  bucket=00.parquet:      530,000/   9,954,348 (  5.3%) @     5,491 rows/s [  96.5s]
  bucket=00.parquet:      535,000/   9,954,348 (  5.4%) @     5,497 rows/s [  97.3s]
  bucket=00.parquet:      540,000/   9,954,348 (  5.4%) @     5,492 rows/s [  98.3s]
  bucket=00.parquet:      545,000/   9,954,348 (  5.5%) @     5,498 rows/s [  99.1s]
  bucket=00.parquet:      550,000/   9,954,348 (  5.5%) @     5,504 rows/s [  99.9s]
  bucket=00.parquet:      555,000/   9,954,348 (  5.6%) @     5,499 rows/s [ 100.9s]
  bucket=00.parquet:      560,000/   9,954,348 (  5.6%) @     5,494 rows/s [ 101.9s]
  bucket=00.parquet:      565,000/   9,954,348 (  5.7%) @     5,500 rows/s [ 102.7s]
  bucket=00.parquet:      570,000/   9,954,348 (  5.7%) @     5,505 rows/s [ 103.5s]
  bucket=00.parquet:      575,000/   9,954,348 (  5.8%) @     5,501 rows/s [ 104.5s]
  bucket=00.parquet:      580,000/   9,954,348 (  5.8%) @     5,506 rows/s [ 105.3s]
  bucket=00.parquet:      585,000/   9,954,348 (  5.9%) @     5,511 rows/s [ 106.1s]
  bucket=00.parquet:      590,000/   9,954,348 (  5.9%) @     5,517 rows/s [ 106.9s]
  bucket=00.parquet:      595,000/   9,954,348 (  6.0%) @     5,522 rows/s [ 107.7s]
  bucket=00.parquet:      600,000/   9,954,348 (  6.0%) @     5,517 rows/s [ 108.8s]
  bucket=00.parquet:      605,000/   9,954,348 (  6.1%) @     5,522 rows/s [ 109.6s]
  bucket=00.parquet:      610,000/   9,954,348 (  6.1%) @     5,517 rows/s [ 110.6s]
  bucket=00.parquet:      615,000/   9,954,348 (  6.2%) @     5,457 rows/s [ 112.7s]
  bucket=00.parquet:      620,000/   9,954,348 (  6.2%) @     5,462 rows/s [ 113.5s]
  bucket=00.parquet:      625,000/   9,954,348 (  6.3%) @     5,467 rows/s [ 114.3s]
  bucket=00.parquet:      630,000/   9,954,348 (  6.3%) @     5,473 rows/s [ 115.1s]
  bucket=00.parquet:      635,000/   9,954,348 (  6.4%) @     5,468 rows/s [ 116.1s]
  bucket=00.parquet:      640,000/   9,954,348 (  6.4%) @     5,474 rows/s [ 116.9s]
  bucket=00.parquet:      645,000/   9,954,348 (  6.5%) @     5,470 rows/s [ 117.9s]
  bucket=00.parquet:      650,000/   9,954,348 (  6.5%) @     5,475 rows/s [ 118.7s]
  bucket=00.parquet:      655,000/   9,954,348 (  6.6%) @     5,452 rows/s [ 120.1s]
  bucket=00.parquet:      660,000/   9,954,348 (  6.6%) @     5,449 rows/s [ 121.1s]
  bucket=00.parquet:      665,000/   9,954,348 (  6.7%) @     5,454 rows/s [ 121.9s]
  bucket=00.parquet:      670,000/   9,954,348 (  6.7%) @     5,450 rows/s [ 122.9s]
  bucket=00.parquet:      675,000/   9,954,348 (  6.8%) @     5,455 rows/s [ 123.7s]
  bucket=00.parquet:      680,000/   9,954,348 (  6.8%) @     5,451 rows/s [ 124.7s]
  bucket=00.parquet:      685,000/   9,954,348 (  6.9%) @     5,456 rows/s [ 125.5s]
  bucket=00.parquet:      690,000/   9,954,348 (  6.9%) @     5,461 rows/s [ 126.3s]
  bucket=00.parquet:      695,000/   9,954,348 (  7.0%) @     5,457 rows/s [ 127.4s]
  bucket=00.parquet:      700,000/   9,954,348 (  7.0%) @     5,454 rows/s [ 128.4s]
  bucket=00.parquet:      705,000/   9,954,348 (  7.1%) @     5,458 rows/s [ 129.2s]
  bucket=00.parquet:      710,000/   9,954,348 (  7.1%) @     5,462 rows/s [ 130.0s]
  bucket=00.parquet:      715,000/   9,954,348 (  7.2%) @     5,468 rows/s [ 130.8s]
  bucket=00.parquet:      720,000/   9,954,348 (  7.2%) @     5,464 rows/s [ 131.8s]
  bucket=00.parquet:      725,000/   9,954,348 (  7.3%) @     5,460 rows/s [ 132.8s]
  bucket=00.parquet:      730,000/   9,954,348 (  7.3%) @     5,457 rows/s [ 133.8s]
  bucket=00.parquet:      735,000/   9,954,348 (  7.4%) @     5,462 rows/s [ 134.6s]
  bucket=00.parquet:      740,000/   9,954,348 (  7.4%) @     5,458 rows/s [ 135.6s]
  bucket=00.parquet:      745,000/   9,954,348 (  7.5%) @     5,463 rows/s [ 136.4s]
  bucket=00.parquet:      750,000/   9,954,348 (  7.5%) @     5,467 rows/s [ 137.2s]
  bucket=00.parquet:      755,000/   9,954,348 (  7.6%) @     5,464 rows/s [ 138.2s]
  bucket=00.parquet:      760,000/   9,954,348 (  7.6%) @     5,468 rows/s [ 139.0s]
  bucket=00.parquet:      765,000/   9,954,348 (  7.7%) @     5,472 rows/s [ 139.8s]
  bucket=00.parquet:      770,000/   9,954,348 (  7.7%) @     5,477 rows/s [ 140.6s]
  bucket=00.parquet:      775,000/   9,954,348 (  7.8%) @     5,473 rows/s [ 141.6s]
  bucket=00.parquet:      780,000/   9,954,348 (  7.8%) @     5,478 rows/s [ 142.4s]
  bucket=00.parquet:      785,000/   9,954,348 (  7.9%) @     5,482 rows/s [ 143.2s]
  bucket=00.parquet:      790,000/   9,954,348 (  7.9%) @     5,478 rows/s [ 144.2s]
  bucket=00.parquet:      795,000/   9,954,348 (  8.0%) @     5,482 rows/s [ 145.0s]
  bucket=00.parquet:      800,000/   9,954,348 (  8.0%) @     5,479 rows/s [ 146.0s]
  bucket=00.parquet:      805,000/   9,954,348 (  8.1%) @     5,483 rows/s [ 146.8s]
  bucket=00.parquet:      810,000/   9,954,348 (  8.1%) @     5,487 rows/s [ 147.6s]
  bucket=00.parquet:      815,000/   9,954,348 (  8.2%) @     5,484 rows/s [ 148.6s]
  bucket=00.parquet:      820,000/   9,954,348 (  8.2%) @     5,494 rows/s [ 149.2s]
  bucket=00.parquet:      825,000/   9,954,348 (  8.3%) @     5,491 rows/s [ 150.2s]
  bucket=00.parquet:      830,000/   9,954,348 (  8.3%) @     5,495 rows/s [ 151.0s]
  bucket=00.parquet:      835,000/   9,954,348 (  8.4%) @     5,499 rows/s [ 151.9s]
  bucket=00.parquet:      840,000/   9,954,348 (  8.4%) @     5,503 rows/s [ 152.7s]
  bucket=00.parquet:      845,000/   9,954,348 (  8.5%) @     5,506 rows/s [ 153.5s]
  bucket=00.parquet:      850,000/   9,954,348 (  8.5%) @     5,503 rows/s [ 154.5s]
  bucket=00.parquet:      855,000/   9,954,348 (  8.6%) @     5,500 rows/s [ 155.5s]
  bucket=00.parquet:      860,000/   9,954,348 (  8.6%) @     5,496 rows/s [ 156.5s]
  bucket=00.parquet:      865,000/   9,954,348 (  8.7%) @     5,501 rows/s [ 157.3s]
  bucket=00.parquet:      870,000/   9,954,348 (  8.7%) @     5,504 rows/s [ 158.1s]
  bucket=00.parquet:      875,000/   9,954,348 (  8.8%) @     5,508 rows/s [ 158.9s]
  bucket=00.parquet:      880,000/   9,954,348 (  8.8%) @     5,511 rows/s [ 159.7s]
  bucket=00.parquet:      885,000/   9,954,348 (  8.9%) @     5,515 rows/s [ 160.5s]
  bucket=00.parquet:      890,000/   9,954,348 (  8.9%) @     5,518 rows/s [ 161.3s]
  bucket=00.parquet:      895,000/   9,954,348 (  9.0%) @     5,522 rows/s [ 162.1s]
  bucket=00.parquet:      900,000/   9,954,348 (  9.0%) @     5,525 rows/s [ 162.9s]
  bucket=00.parquet:      905,000/   9,954,348 (  9.1%) @     5,529 rows/s [ 163.7s]
  bucket=00.parquet:      910,000/   9,954,348 (  9.1%) @     5,526 rows/s [ 164.7s]
  bucket=00.parquet:      915,000/   9,954,348 (  9.2%) @     5,522 rows/s [ 165.7s]
  bucket=00.parquet:      920,000/   9,954,348 (  9.2%) @     5,519 rows/s [ 166.7s]
  bucket=00.parquet:      925,000/   9,954,348 (  9.3%) @     5,523 rows/s [ 167.5s]
  bucket=00.parquet:      930,000/   9,954,348 (  9.3%) @     5,526 rows/s [ 168.3s]
  bucket=00.parquet:      935,000/   9,954,348 (  9.4%) @     5,529 rows/s [ 169.1s]
  bucket=00.parquet:      940,000/   9,954,348 (  9.4%) @     5,526 rows/s [ 170.1s]
  bucket=00.parquet:      945,000/   9,954,348 (  9.5%) @     5,523 rows/s [ 171.1s]
  bucket=00.parquet:      950,000/   9,954,348 (  9.5%) @     5,526 rows/s [ 171.9s]
  bucket=00.parquet:      955,000/   9,954,348 (  9.6%) @     5,529 rows/s [ 172.7s]
  bucket=00.parquet:      960,000/   9,954,348 (  9.6%) @     5,533 rows/s [ 173.5s]
  bucket=00.parquet:      965,000/   9,954,348 (  9.7%) @     5,529 rows/s [ 174.5s]
  bucket=00.parquet:      970,000/   9,954,348 (  9.7%) @     5,533 rows/s [ 175.3s]
  bucket=00.parquet:      975,000/   9,954,348 (  9.8%) @     5,536 rows/s [ 176.1s]
  bucket=00.parquet:      980,000/   9,954,348 (  9.8%) @     5,533 rows/s [ 177.1s]
  bucket=00.parquet:      985,000/   9,954,348 (  9.9%) @     5,530 rows/s [ 178.1s]
  bucket=00.parquet:      990,000/   9,954,348 (  9.9%) @     5,533 rows/s [ 178.9s]
  bucket=00.parquet:      995,000/   9,954,348 ( 10.0%) @     5,536 rows/s [ 179.7s]
  bucket=00.parquet:    1,000,000/   9,954,348 ( 10.0%) @     5,539 rows/s [ 180.5s]
  bucket=00.parquet:    1,005,000/   9,954,348 ( 10.1%) @     5,536 rows/s [ 181.5s]
  bucket=00.parquet:    1,010,000/   9,954,348 ( 10.1%) @     5,539 rows/s [ 182.4s]
  bucket=00.parquet:    1,015,000/   9,954,348 ( 10.2%) @     5,542 rows/s [ 183.2s]
  bucket=00.parquet:    1,020,000/   9,954,348 ( 10.2%) @     5,545 rows/s [ 184.0s]
  bucket=00.parquet:    1,025,000/   9,954,348 ( 10.3%) @     5,502 rows/s [ 186.3s]
  bucket=00.parquet:    1,030,000/   9,954,348 ( 10.3%) @     5,505 rows/s [ 187.1s]
  bucket=00.parquet:    1,035,000/   9,954,348 ( 10.4%) @     5,502 rows/s [ 188.1s]
  bucket=00.parquet:    1,040,000/   9,954,348 ( 10.4%) @     5,505 rows/s [ 188.9s]
  bucket=00.parquet:    1,045,000/   9,954,348 ( 10.5%) @     5,508 rows/s [ 189.7s]
  bucket=00.parquet:    1,050,000/   9,954,348 ( 10.5%) @     5,506 rows/s [ 190.7s]
  bucket=00.parquet:    1,055,000/   9,954,348 ( 10.6%) @     5,509 rows/s [ 191.5s]
  bucket=00.parquet:    1,060,000/   9,954,348 ( 10.6%) @     5,506 rows/s [ 192.5s]
  bucket=00.parquet:    1,065,000/   9,954,348 ( 10.7%) @     5,509 rows/s [ 193.3s]
  bucket=00.parquet:    1,070,000/   9,954,348 ( 10.7%) @     5,512 rows/s [ 194.1s]
  bucket=00.parquet:    1,075,000/   9,954,348 ( 10.8%) @     5,515 rows/s [ 194.9s]
  bucket=00.parquet:    1,080,000/   9,954,348 ( 10.8%) @     5,518 rows/s [ 195.7s]
  bucket=00.parquet:    1,085,000/   9,954,348 ( 10.9%) @     5,521 rows/s [ 196.5s]
  bucket=00.parquet:    1,090,000/   9,954,348 ( 10.9%) @     5,524 rows/s [ 197.3s]
  bucket=00.parquet:    1,095,000/   9,954,348 ( 11.0%) @     5,526 rows/s [ 198.1s]
  bucket=00.parquet:    1,100,000/   9,954,348 ( 11.1%) @     5,518 rows/s [ 199.3s]
  bucket=00.parquet:    1,105,000/   9,954,348 ( 11.1%) @     5,521 rows/s [ 200.1s]
  bucket=00.parquet:    1,110,000/   9,954,348 ( 11.2%) @     5,519 rows/s [ 201.1s]
  bucket=00.parquet:    1,115,000/   9,954,348 ( 11.2%) @     5,521 rows/s [ 201.9s]
  bucket=00.parquet:    1,120,000/   9,954,348 ( 11.3%) @     5,524 rows/s [ 202.7s]
  bucket=00.parquet:    1,125,000/   9,954,348 ( 11.3%) @     5,527 rows/s [ 203.6s]
  bucket=00.parquet:    1,130,000/   9,954,348 ( 11.4%) @     5,530 rows/s [ 204.4s]
  bucket=00.parquet:    1,135,000/   9,954,348 ( 11.4%) @     5,527 rows/s [ 205.4s]
  bucket=00.parquet:    1,140,000/   9,954,348 ( 11.5%) @     5,530 rows/s [ 206.2s]
  bucket=00.parquet:    1,145,000/   9,954,348 ( 11.5%) @     5,532 rows/s [ 207.0s]
  bucket=00.parquet:    1,150,000/   9,954,348 ( 11.6%) @     5,535 rows/s [ 207.8s]
  bucket=00.parquet:    1,155,000/   9,954,348 ( 11.6%) @     5,538 rows/s [ 208.6s]
  bucket=00.parquet:    1,160,000/   9,954,348 ( 11.7%) @     5,540 rows/s [ 209.4s]
  bucket=00.parquet:    1,165,000/   9,954,348 ( 11.7%) @     5,543 rows/s [ 210.2s]
  bucket=00.parquet:    1,170,000/   9,954,348 ( 11.8%) @     5,540 rows/s [ 211.2s]
  bucket=00.parquet:    1,175,000/   9,954,348 ( 11.8%) @     5,543 rows/s [ 212.0s]
  bucket=00.parquet:    1,180,000/   9,954,348 ( 11.9%) @     5,540 rows/s [ 213.0s]
  bucket=00.parquet:    1,185,000/   9,954,348 ( 11.9%) @     5,543 rows/s [ 213.8s]
  bucket=00.parquet:    1,190,000/   9,954,348 ( 12.0%) @     5,545 rows/s [ 214.6s]
  bucket=00.parquet:    1,195,000/   9,954,348 ( 12.0%) @     5,548 rows/s [ 215.4s]
  bucket=00.parquet:    1,200,000/   9,954,348 ( 12.1%) @     5,551 rows/s [ 216.2s]
  bucket=00.parquet:    1,205,000/   9,954,348 ( 12.1%) @     5,548 rows/s [ 217.2s]
  bucket=00.parquet:    1,210,000/   9,954,348 ( 12.2%) @     5,550 rows/s [ 218.0s]
  bucket=00.parquet:    1,215,000/   9,954,348 ( 12.2%) @     5,548 rows/s [ 219.0s]
  bucket=00.parquet:    1,220,000/   9,954,348 ( 12.3%) @     5,545 rows/s [ 220.0s]
  bucket=00.parquet:    1,225,000/   9,954,348 ( 12.3%) @     5,543 rows/s [ 221.0s]
  bucket=00.parquet:    1,230,000/   9,954,348 ( 12.4%) @     5,544 rows/s [ 221.8s]
  bucket=00.parquet:    1,235,000/   9,954,348 ( 12.4%) @     5,537 rows/s [ 223.0s]
  bucket=00.parquet:    1,240,000/   9,954,348 ( 12.5%) @     5,535 rows/s [ 224.0s]
  bucket=00.parquet:    1,245,000/   9,954,348 ( 12.5%) @     5,532 rows/s [ 225.1s]
  bucket=00.parquet:    1,250,000/   9,954,348 ( 12.6%) @     5,529 rows/s [ 226.1s]
  bucket=00.parquet:    1,255,000/   9,954,348 ( 12.6%) @     5,532 rows/s [ 226.9s]
  bucket=00.parquet:    1,260,000/   9,954,348 ( 12.7%) @     5,535 rows/s [ 227.7s]
  bucket=00.parquet:    1,265,000/   9,954,348 ( 12.7%) @     5,532 rows/s [ 228.7s]
  bucket=00.parquet:    1,270,000/   9,954,348 ( 12.8%) @     5,530 rows/s [ 229.7s]
  bucket=00.parquet:    1,275,000/   9,954,348 ( 12.8%) @     5,527 rows/s [ 230.7s]
  bucket=00.parquet:    1,280,000/   9,954,348 ( 12.9%) @     5,530 rows/s [ 231.5s]
  bucket=00.parquet:    1,285,000/   9,954,348 ( 12.9%) @     5,532 rows/s [ 232.3s]
  bucket=00.parquet:    1,290,000/   9,954,348 ( 13.0%) @     5,530 rows/s [ 233.3s]
  bucket=00.parquet:    1,295,000/   9,954,348 ( 13.0%) @     5,532 rows/s [ 234.1s]
  bucket=00.parquet:    1,300,000/   9,954,348 ( 13.1%) @     5,530 rows/s [ 235.1s]
  bucket=00.parquet:    1,305,000/   9,954,348 ( 13.1%) @     5,532 rows/s [ 235.9s]
  bucket=00.parquet:    1,310,000/   9,954,348 ( 13.2%) @     5,530 rows/s [ 236.9s]
  bucket=00.parquet:    1,315,000/   9,954,348 ( 13.2%) @     5,532 rows/s [ 237.7s]
  bucket=00.parquet:    1,320,000/   9,954,348 ( 13.3%) @     5,535 rows/s [ 238.5s]
